mode: set
github.com/pablontiv/backscroll/internal/chunking/chunking.go:8.34,10.16 2 1
github.com/pablontiv/backscroll/internal/chunking/chunking.go:10.16,12.3 1 1
github.com/pablontiv/backscroll/internal/chunking/chunking.go:14.2,14.26 1 1
github.com/pablontiv/backscroll/internal/chunking/chunking.go:17.34,17.61 1 1
github.com/pablontiv/backscroll/internal/chunking/chunking.go:23.62,24.20 1 1
github.com/pablontiv/backscroll/internal/chunking/chunking.go:24.20,26.3 1 1
github.com/pablontiv/backscroll/internal/chunking/chunking.go:27.2,28.16 2 1
github.com/pablontiv/backscroll/internal/chunking/chunking.go:28.16,30.3 1 1
github.com/pablontiv/backscroll/internal/chunking/chunking.go:31.2,31.35 1 1
github.com/pablontiv/backscroll/internal/chunking/chunking.go:31.35,33.3 1 1
github.com/pablontiv/backscroll/internal/chunking/chunking.go:36.2,38.15 3 1
github.com/pablontiv/backscroll/internal/chunking/chunking.go:42.44,44.48 2 1
github.com/pablontiv/backscroll/internal/chunking/chunking.go:44.48,46.14 2 1
github.com/pablontiv/backscroll/internal/chunking/chunking.go:46.14,48.4 1 1
github.com/pablontiv/backscroll/internal/chunking/chunking.go:50.2,50.14 1 1
github.com/pablontiv/backscroll/internal/chunking/chunking.go:54.43,59.26 4 1
github.com/pablontiv/backscroll/internal/chunking/chunking.go:59.26,61.61 2 1
github.com/pablontiv/backscroll/internal/chunking/chunking.go:61.61,63.35 2 1
github.com/pablontiv/backscroll/internal/chunking/chunking.go:63.35,65.16 2 1
github.com/pablontiv/backscroll/internal/chunking/chunking.go:65.16,67.6 1 1
github.com/pablontiv/backscroll/internal/chunking/chunking.go:68.5,68.16 1 1
github.com/pablontiv/backscroll/internal/chunking/chunking.go:70.9,70.23 1 1
github.com/pablontiv/backscroll/internal/chunking/chunking.go:70.23,72.15 2 1
github.com/pablontiv/backscroll/internal/chunking/chunking.go:72.15,74.5 1 1
github.com/pablontiv/backscroll/internal/chunking/chunking.go:75.4,75.15 1 1
github.com/pablontiv/backscroll/internal/chunking/chunking.go:78.2,78.51 1 1
github.com/pablontiv/backscroll/internal/chunking/chunking.go:78.51,80.3 1 1
github.com/pablontiv/backscroll/internal/chunking/chunking.go:81.2,81.18 1 1
github.com/pablontiv/backscroll/internal/chunking/chunking.go:87.104,92.18 4 1
github.com/pablontiv/backscroll/internal/chunking/chunking.go:92.18,93.24 1 1
github.com/pablontiv/backscroll/internal/chunking/chunking.go:93.24,95.4 1 1
github.com/pablontiv/backscroll/internal/chunking/chunking.go:96.3,100.18 3 1
github.com/pablontiv/backscroll/internal/chunking/chunking.go:100.18,104.31 3 1
github.com/pablontiv/backscroll/internal/chunking/chunking.go:104.31,106.5 1 0
github.com/pablontiv/backscroll/internal/chunking/chunking.go:107.4,107.21 1 1
github.com/pablontiv/backscroll/internal/chunking/chunking.go:107.21,112.5 4 1
github.com/pablontiv/backscroll/internal/chunking/chunking.go:114.3,115.20 2 1
github.com/pablontiv/backscroll/internal/chunking/chunking.go:118.2,118.31 1 1
github.com/pablontiv/backscroll/internal/chunking/chunking.go:118.31,121.28 2 1
github.com/pablontiv/backscroll/internal/chunking/chunking.go:121.28,124.23 2 1
github.com/pablontiv/backscroll/internal/chunking/chunking.go:124.23,128.5 3 1
github.com/pablontiv/backscroll/internal/chunking/chunking.go:128.10,132.5 2 0
github.com/pablontiv/backscroll/internal/chunking/chunking.go:133.4,133.12 1 1
github.com/pablontiv/backscroll/internal/chunking/chunking.go:136.3,136.42 1 1
github.com/pablontiv/backscroll/internal/chunking/chunking.go:136.42,138.4 1 1
github.com/pablontiv/backscroll/internal/chunking/chunking.go:140.3,141.29 2 1
github.com/pablontiv/backscroll/internal/chunking/chunking.go:143.2,144.15 2 1
github.com/pablontiv/backscroll/internal/chunking/chunking.go:148.39,150.2 1 1
github.com/pablontiv/backscroll/internal/tagging/tagging.go:20.35,25.42 3 1
github.com/pablontiv/backscroll/internal/tagging/tagging.go:25.42,26.40 1 1
github.com/pablontiv/backscroll/internal/tagging/tagging.go:26.40,28.4 1 1
github.com/pablontiv/backscroll/internal/tagging/tagging.go:31.2,31.13 1 1
github.com/pablontiv/backscroll/internal/hybrid/rrf.go:15.73,17.35 2 1
github.com/pablontiv/backscroll/internal/hybrid/rrf.go:17.35,18.35 1 1
github.com/pablontiv/backscroll/internal/hybrid/rrf.go:18.35,20.4 1 1
github.com/pablontiv/backscroll/internal/hybrid/rrf.go:22.2,23.32 2 1
github.com/pablontiv/backscroll/internal/hybrid/rrf.go:23.32,25.3 1 1
github.com/pablontiv/backscroll/internal/hybrid/rrf.go:26.2,26.40 1 1
github.com/pablontiv/backscroll/internal/hybrid/rrf.go:26.40,27.39 1 1
github.com/pablontiv/backscroll/internal/hybrid/rrf.go:27.39,29.4 1 1
github.com/pablontiv/backscroll/internal/hybrid/rrf.go:30.3,30.35 1 1
github.com/pablontiv/backscroll/internal/hybrid/rrf.go:32.2,32.14 1 1
github.com/pablontiv/backscroll/internal/reader/reader.go:10.54,12.2 1 1
github.com/pablontiv/backscroll/internal/reader/semantic.go:20.69,21.14 1 1
github.com/pablontiv/backscroll/internal/reader/semantic.go:21.14,23.3 1 0
github.com/pablontiv/backscroll/internal/reader/semantic.go:24.2,25.14 2 1
github.com/pablontiv/backscroll/internal/reader/semantic.go:25.14,27.3 1 1
github.com/pablontiv/backscroll/internal/reader/semantic.go:28.2,29.85 2 1
github.com/pablontiv/backscroll/internal/reader/semantic.go:29.85,30.68 1 1
github.com/pablontiv/backscroll/internal/reader/semantic.go:30.68,33.17 3 1
github.com/pablontiv/backscroll/internal/reader/semantic.go:33.17,35.5 1 1
github.com/pablontiv/backscroll/internal/reader/semantic.go:35.10,35.31 1 1
github.com/pablontiv/backscroll/internal/reader/semantic.go:35.31,37.5 1 1
github.com/pablontiv/backscroll/internal/reader/semantic.go:37.10,39.5 1 1
github.com/pablontiv/backscroll/internal/reader/semantic.go:41.3,41.13 1 1
github.com/pablontiv/backscroll/internal/reader/semantic.go:43.2,43.49 1 1
github.com/pablontiv/backscroll/internal/reader/semantic.go:43.49,45.3 1 1
github.com/pablontiv/backscroll/internal/reader/semantic.go:46.2,47.51 2 1
github.com/pablontiv/backscroll/internal/reader/semantic.go:47.51,49.3 1 1
github.com/pablontiv/backscroll/internal/reader/semantic.go:50.2,50.18 1 1
github.com/pablontiv/backscroll/internal/reader/semantic.go:53.83,55.51 2 1
github.com/pablontiv/backscroll/internal/reader/semantic.go:55.51,57.3 1 0
github.com/pablontiv/backscroll/internal/reader/semantic.go:58.2,59.9 2 1
github.com/pablontiv/backscroll/internal/reader/semantic.go:59.9,61.3 1 1
github.com/pablontiv/backscroll/internal/reader/semantic.go:62.2,63.45 2 1
github.com/pablontiv/backscroll/internal/reader/semantic.go:63.45,65.3 1 0
github.com/pablontiv/backscroll/internal/reader/semantic.go:66.2,67.9 2 1
github.com/pablontiv/backscroll/internal/reader/semantic.go:67.9,69.3 1 0
github.com/pablontiv/backscroll/internal/reader/semantic.go:70.2,71.34 2 1
github.com/pablontiv/backscroll/internal/reader/semantic.go:71.34,73.10 2 1
github.com/pablontiv/backscroll/internal/reader/semantic.go:73.10,74.12 1 0
github.com/pablontiv/backscroll/internal/reader/semantic.go:76.3,77.37 2 1
github.com/pablontiv/backscroll/internal/reader/semantic.go:78.15,79.95 1 1
github.com/pablontiv/backscroll/internal/reader/semantic.go:80.31,82.152 2 1
github.com/pablontiv/backscroll/internal/reader/semantic.go:83.36,85.177 2 0
github.com/pablontiv/backscroll/internal/reader/semantic.go:87.3,87.42 1 1
github.com/pablontiv/backscroll/internal/reader/semantic.go:87.42,89.4 1 1
github.com/pablontiv/backscroll/internal/reader/semantic.go:91.2,91.13 1 1
github.com/pablontiv/backscroll/internal/reader/semantic.go:94.80,95.46 1 1
github.com/pablontiv/backscroll/internal/reader/semantic.go:95.46,97.3 1 1
github.com/pablontiv/backscroll/internal/reader/semantic.go:98.2,99.28 2 1
github.com/pablontiv/backscroll/internal/reader/semantic.go:102.48,103.31 1 1
github.com/pablontiv/backscroll/internal/reader/semantic.go:103.31,105.3 1 1
github.com/pablontiv/backscroll/internal/reader/semantic.go:106.2,106.15 1 1
github.com/pablontiv/backscroll/internal/reader/semantic.go:109.55,110.38 1 1
github.com/pablontiv/backscroll/internal/reader/semantic.go:110.38,112.3 1 1
github.com/pablontiv/backscroll/internal/reader/semantic.go:113.2,113.11 1 1
github.com/pablontiv/backscroll/internal/reader/semantic.go:116.57,117.27 1 1
github.com/pablontiv/backscroll/internal/reader/semantic.go:117.27,118.46 1 1
github.com/pablontiv/backscroll/internal/reader/semantic.go:118.46,119.84 1 1
github.com/pablontiv/backscroll/internal/reader/semantic.go:119.84,121.5 1 1
github.com/pablontiv/backscroll/internal/reader/semantic.go:124.2,124.11 1 1
github.com/pablontiv/backscroll/internal/reader/semantic.go:127.45,128.31 1 1
github.com/pablontiv/backscroll/internal/reader/semantic.go:128.31,129.18 1 1
github.com/pablontiv/backscroll/internal/reader/semantic.go:129.18,131.4 1 1
github.com/pablontiv/backscroll/internal/reader/semantic.go:133.2,133.11 1 1
github.com/pablontiv/backscroll/internal/reader/semantic.go:136.65,138.82 2 1
github.com/pablontiv/backscroll/internal/reader/semantic.go:138.82,139.36 1 1
github.com/pablontiv/backscroll/internal/reader/semantic.go:139.36,141.4 1 1
github.com/pablontiv/backscroll/internal/reader/semantic.go:143.2,143.33 1 1
github.com/pablontiv/backscroll/internal/reader/semantic.go:146.45,148.42 2 1
github.com/pablontiv/backscroll/internal/reader/semantic.go:148.42,150.3 1 1
github.com/pablontiv/backscroll/internal/reader/semantic.go:151.2,151.47 1 1
github.com/pablontiv/backscroll/internal/plans/plans.go:19.52,21.16 2 1
github.com/pablontiv/backscroll/internal/plans/plans.go:21.16,23.3 1 0
github.com/pablontiv/backscroll/internal/plans/plans.go:25.2,32.29 6 1
github.com/pablontiv/backscroll/internal/plans/plans.go:32.29,34.37 1 1
github.com/pablontiv/backscroll/internal/plans/plans.go:34.37,36.29 1 1
github.com/pablontiv/backscroll/internal/plans/plans.go:36.29,40.5 3 1
github.com/pablontiv/backscroll/internal/plans/plans.go:43.4,51.36 5 1
github.com/pablontiv/backscroll/internal/plans/plans.go:52.9,52.35 1 1
github.com/pablontiv/backscroll/internal/plans/plans.go:52.35,56.4 2 1
github.com/pablontiv/backscroll/internal/plans/plans.go:60.2,60.27 1 1
github.com/pablontiv/backscroll/internal/plans/plans.go:60.27,63.3 2 1
github.com/pablontiv/backscroll/internal/plans/plans.go:66.2,66.24 1 1
github.com/pablontiv/backscroll/internal/plans/plans.go:66.24,74.3 1 1
github.com/pablontiv/backscroll/internal/plans/plans.go:76.2,76.22 1 1
github.com/pablontiv/backscroll/internal/plans/plans.go:80.54,82.16 2 1
github.com/pablontiv/backscroll/internal/plans/plans.go:82.16,84.3 1 0
github.com/pablontiv/backscroll/internal/plans/plans.go:86.2,87.32 2 1
github.com/pablontiv/backscroll/internal/plans/plans.go:87.32,88.63 1 1
github.com/pablontiv/backscroll/internal/plans/plans.go:88.63,90.4 1 1
github.com/pablontiv/backscroll/internal/plans/plans.go:93.2,93.19 1 1
github.com/pablontiv/backscroll/internal/embedding/mock.go:16.55,18.2 1 1
github.com/pablontiv/backscroll/internal/embedding/mock.go:22.90,24.17 2 1
github.com/pablontiv/backscroll/internal/embedding/mock.go:24.17,26.3 1 1
github.com/pablontiv/backscroll/internal/embedding/mock.go:28.2,30.52 2 1
github.com/pablontiv/backscroll/internal/embedding/mock.go:30.52,34.3 2 1
github.com/pablontiv/backscroll/internal/embedding/mock.go:35.2,35.17 1 1
github.com/pablontiv/backscroll/internal/embedding/mock.go:39.50,39.67 1 1
github.com/pablontiv/backscroll/internal/embedding/mock.go:42.47,42.61 1 1
github.com/pablontiv/backscroll/internal/embedding/onnx_provider.go:34.55,36.2 1 1
github.com/pablontiv/backscroll/internal/embedding/onnx_provider.go:39.78,41.2 1 1
github.com/pablontiv/backscroll/internal/embedding/onnx_provider.go:44.41,44.55 1 1
github.com/pablontiv/backscroll/internal/embedding/onnx_provider.go:47.38,47.52 1 1
github.com/pablontiv/backscroll/internal/sync/jsonl.go:15.86,17.16 2 1
github.com/pablontiv/backscroll/internal/sync/jsonl.go:17.16,19.3 1 0
github.com/pablontiv/backscroll/internal/sync/jsonl.go:20.2,20.15 1 1
github.com/pablontiv/backscroll/internal/sync/jsonl.go:20.15,20.35 1 1
github.com/pablontiv/backscroll/internal/sync/jsonl.go:22.2,24.6 3 1
github.com/pablontiv/backscroll/internal/sync/jsonl.go:24.6,26.20 2 1
github.com/pablontiv/backscroll/internal/sync/jsonl.go:26.20,30.21 4 1
github.com/pablontiv/backscroll/internal/sync/jsonl.go:30.21,31.52 1 1
github.com/pablontiv/backscroll/internal/sync/jsonl.go:31.52,33.6 1 0
github.com/pablontiv/backscroll/internal/sync/jsonl.go:36.3,36.29 1 1
github.com/pablontiv/backscroll/internal/sync/jsonl.go:36.29,38.4 1 1
github.com/pablontiv/backscroll/internal/sync/jsonl.go:39.3,39.17 1 1
github.com/pablontiv/backscroll/internal/sync/jsonl.go:39.17,41.4 1 0
github.com/pablontiv/backscroll/internal/sync/noise.go:27.40,28.29 1 1
github.com/pablontiv/backscroll/internal/sync/noise.go:28.29,45.3 1 1
github.com/pablontiv/backscroll/internal/sync/noise.go:46.2,46.22 1 1
github.com/pablontiv/backscroll/internal/sync/sync.go:17.59,19.63 2 1
github.com/pablontiv/backscroll/internal/sync/sync.go:19.63,21.55 2 1
github.com/pablontiv/backscroll/internal/sync/sync.go:21.55,24.4 1 0
github.com/pablontiv/backscroll/internal/sync/sync.go:27.3,27.28 1 1
github.com/pablontiv/backscroll/internal/sync/sync.go:27.28,29.4 1 1
github.com/pablontiv/backscroll/internal/sync/sync.go:32.3,32.28 1 1
github.com/pablontiv/backscroll/internal/sync/sync.go:32.28,34.4 1 0
github.com/pablontiv/backscroll/internal/sync/sync.go:37.3,38.17 2 1
github.com/pablontiv/backscroll/internal/sync/sync.go:38.17,40.4 1 0
github.com/pablontiv/backscroll/internal/sync/sync.go:43.3,44.20 2 1
github.com/pablontiv/backscroll/internal/sync/sync.go:44.20,46.4 1 0
github.com/pablontiv/backscroll/internal/sync/sync.go:48.3,54.13 2 1
github.com/pablontiv/backscroll/internal/sync/sync.go:56.2,56.16 1 1
github.com/pablontiv/backscroll/internal/sync/sync.go:56.16,58.3 1 0
github.com/pablontiv/backscroll/internal/sync/sync.go:60.2,60.22 1 1
github.com/pablontiv/backscroll/internal/sync/sync.go:65.75,68.27 2 1
github.com/pablontiv/backscroll/internal/sync/sync.go:68.27,69.82 1 1
github.com/pablontiv/backscroll/internal/sync/sync.go:69.82,70.18 1 1
github.com/pablontiv/backscroll/internal/sync/sync.go:70.18,73.5 1 0
github.com/pablontiv/backscroll/internal/sync/sync.go:76.4,76.115 1 1
github.com/pablontiv/backscroll/internal/sync/sync.go:76.115,77.18 1 1
github.com/pablontiv/backscroll/internal/sync/sync.go:77.18,79.6 1 0
github.com/pablontiv/backscroll/internal/sync/sync.go:80.5,80.15 1 1
github.com/pablontiv/backscroll/internal/sync/sync.go:84.4,84.55 1 1
github.com/pablontiv/backscroll/internal/sync/sync.go:84.55,86.5 1 1
github.com/pablontiv/backscroll/internal/sync/sync.go:88.4,88.14 1 1
github.com/pablontiv/backscroll/internal/sync/sync.go:91.3,91.40 1 1
github.com/pablontiv/backscroll/internal/sync/sync.go:91.40,93.4 1 0
github.com/pablontiv/backscroll/internal/sync/sync.go:96.2,96.24 1 1
github.com/pablontiv/backscroll/internal/sync/sync.go:100.38,102.25 1 1
github.com/pablontiv/backscroll/internal/sync/sync.go:102.25,104.3 1 1
github.com/pablontiv/backscroll/internal/sync/sync.go:107.2,107.14 1 1
github.com/pablontiv/backscroll/internal/sync/sync.go:107.14,109.3 1 1
github.com/pablontiv/backscroll/internal/sync/sync.go:112.2,112.46 1 1
github.com/pablontiv/backscroll/internal/sync/sync.go:112.46,114.3 1 1
github.com/pablontiv/backscroll/internal/sync/sync.go:117.2,118.22 2 1
github.com/pablontiv/backscroll/internal/sync/sync.go:156.35,166.2 2 1
github.com/pablontiv/backscroll/internal/sync/sync.go:170.59,171.16 1 1
github.com/pablontiv/backscroll/internal/sync/sync.go:171.16,173.3 1 0
github.com/pablontiv/backscroll/internal/sync/sync.go:176.2,177.57 2 1
github.com/pablontiv/backscroll/internal/sync/sync.go:177.57,180.3 2 1
github.com/pablontiv/backscroll/internal/sync/sync.go:183.2,184.53 2 1
github.com/pablontiv/backscroll/internal/sync/sync.go:184.53,186.3 1 1
github.com/pablontiv/backscroll/internal/sync/sync.go:188.2,188.19 1 0
github.com/pablontiv/backscroll/internal/sync/sync.go:192.60,197.31 4 1
github.com/pablontiv/backscroll/internal/sync/sync.go:197.31,198.21 1 1
github.com/pablontiv/backscroll/internal/sync/sync.go:199.15,201.21 2 1
github.com/pablontiv/backscroll/internal/sync/sync.go:201.21,203.41 2 1
github.com/pablontiv/backscroll/internal/sync/sync.go:203.41,205.6 1 1
github.com/pablontiv/backscroll/internal/sync/sync.go:207.19,207.19 0 1
github.com/pablontiv/backscroll/internal/sync/sync.go:209.31,210.22 1 1
github.com/pablontiv/backscroll/internal/sync/sync.go:211.36,211.36 0 1
github.com/pablontiv/backscroll/internal/sync/sync.go:213.22,214.22 1 0
github.com/pablontiv/backscroll/internal/sync/sync.go:218.2,219.19 2 1
github.com/pablontiv/backscroll/internal/sync/sync.go:219.19,221.3 1 1
github.com/pablontiv/backscroll/internal/sync/sync.go:224.2,225.13 2 1
github.com/pablontiv/backscroll/internal/sync/sync.go:225.13,227.3 1 1
github.com/pablontiv/backscroll/internal/sync/sync.go:227.8,227.24 1 1
github.com/pablontiv/backscroll/internal/sync/sync.go:227.24,229.3 1 1
github.com/pablontiv/backscroll/internal/sync/sync.go:231.2,231.29 1 1
github.com/pablontiv/backscroll/internal/sync/sync.go:235.42,236.19 1 1
github.com/pablontiv/backscroll/internal/sync/sync.go:236.19,238.3 1 1
github.com/pablontiv/backscroll/internal/sync/sync.go:242.2,257.49 2 1
github.com/pablontiv/backscroll/internal/sync/sync.go:257.49,259.7 1 1
github.com/pablontiv/backscroll/internal/sync/sync.go:259.7,261.19 2 1
github.com/pablontiv/backscroll/internal/sync/sync.go:261.19,262.10 1 1
github.com/pablontiv/backscroll/internal/sync/sync.go:264.4,265.17 2 1
github.com/pablontiv/backscroll/internal/sync/sync.go:265.17,268.10 2 0
github.com/pablontiv/backscroll/internal/sync/sync.go:270.4,271.64 2 1
github.com/pablontiv/backscroll/internal/sync/sync.go:276.2,284.16 5 1
github.com/pablontiv/backscroll/internal/sync/sync.go:288.63,289.13 1 1
github.com/pablontiv/backscroll/internal/sync/sync.go:289.13,291.3 1 0
github.com/pablontiv/backscroll/internal/sync/sync.go:292.2,292.38 1 1
github.com/pablontiv/backscroll/internal/sync/sync.go:292.38,294.3 1 1
github.com/pablontiv/backscroll/internal/sync/sync.go:295.2,295.15 1 1
github.com/pablontiv/backscroll/internal/sources/sources.go:28.55,32.30 2 1
github.com/pablontiv/backscroll/internal/sources/sources.go:32.30,34.17 2 1
github.com/pablontiv/backscroll/internal/sources/sources.go:34.17,36.4 1 1
github.com/pablontiv/backscroll/internal/sources/sources.go:37.3,37.30 1 1
github.com/pablontiv/backscroll/internal/sources/sources.go:41.2,41.37 1 1
github.com/pablontiv/backscroll/internal/sources/sources.go:41.37,43.17 2 1
github.com/pablontiv/backscroll/internal/sources/sources.go:43.17,45.4 1 0
github.com/pablontiv/backscroll/internal/sources/sources.go:46.3,46.38 1 1
github.com/pablontiv/backscroll/internal/sources/sources.go:50.2,50.36 1 1
github.com/pablontiv/backscroll/internal/sources/sources.go:50.36,52.17 2 1
github.com/pablontiv/backscroll/internal/sources/sources.go:52.17,54.4 1 0
github.com/pablontiv/backscroll/internal/sources/sources.go:55.3,55.30 1 1
github.com/pablontiv/backscroll/internal/sources/sources.go:59.2,59.33 1 1
github.com/pablontiv/backscroll/internal/sources/sources.go:59.33,61.17 2 1
github.com/pablontiv/backscroll/internal/sources/sources.go:61.17,63.4 1 0
github.com/pablontiv/backscroll/internal/sources/sources.go:64.3,64.38 1 1
github.com/pablontiv/backscroll/internal/sources/sources.go:68.2,68.33 1 1
github.com/pablontiv/backscroll/internal/sources/sources.go:68.33,70.17 2 1
github.com/pablontiv/backscroll/internal/sources/sources.go:70.17,72.4 1 0
github.com/pablontiv/backscroll/internal/sources/sources.go:73.3,73.38 1 1
github.com/pablontiv/backscroll/internal/sources/sources.go:77.2,77.35 1 1
github.com/pablontiv/backscroll/internal/sources/sources.go:77.35,79.17 2 1
github.com/pablontiv/backscroll/internal/sources/sources.go:79.17,81.4 1 0
github.com/pablontiv/backscroll/internal/sources/sources.go:82.3,82.38 1 1
github.com/pablontiv/backscroll/internal/sources/sources.go:85.2,85.19 1 1
github.com/pablontiv/backscroll/internal/sources/sources.go:90.72,92.16 2 1
github.com/pablontiv/backscroll/internal/sources/sources.go:92.16,94.3 1 1
github.com/pablontiv/backscroll/internal/sources/sources.go:96.2,104.8 3 1
github.com/pablontiv/backscroll/internal/sources/sources.go:109.75,111.16 2 1
github.com/pablontiv/backscroll/internal/sources/sources.go:111.16,113.3 1 0
github.com/pablontiv/backscroll/internal/sources/sources.go:115.2,126.29 8 1
github.com/pablontiv/backscroll/internal/sources/sources.go:126.29,128.37 1 1
github.com/pablontiv/backscroll/internal/sources/sources.go:128.37,130.26 1 1
github.com/pablontiv/backscroll/internal/sources/sources.go:130.26,140.5 4 1
github.com/pablontiv/backscroll/internal/sources/sources.go:143.4,146.36 4 1
github.com/pablontiv/backscroll/internal/sources/sources.go:147.9,147.32 1 1
github.com/pablontiv/backscroll/internal/sources/sources.go:147.32,151.4 2 1
github.com/pablontiv/backscroll/internal/sources/sources.go:155.2,155.24 1 1
github.com/pablontiv/backscroll/internal/sources/sources.go:155.24,164.3 3 1
github.com/pablontiv/backscroll/internal/sources/sources.go:167.2,167.21 1 1
github.com/pablontiv/backscroll/internal/sources/sources.go:167.21,176.3 1 1
github.com/pablontiv/backscroll/internal/sources/sources.go:178.2,178.19 1 1
github.com/pablontiv/backscroll/internal/sources/sources.go:183.58,188.29 3 1
github.com/pablontiv/backscroll/internal/sources/sources.go:188.29,189.39 1 1
github.com/pablontiv/backscroll/internal/sources/sources.go:189.39,190.22 1 1
github.com/pablontiv/backscroll/internal/sources/sources.go:190.22,192.13 2 1
github.com/pablontiv/backscroll/internal/sources/sources.go:193.10,194.10 1 1
github.com/pablontiv/backscroll/internal/sources/sources.go:198.3,198.21 1 1
github.com/pablontiv/backscroll/internal/sources/sources.go:198.21,199.12 1 1
github.com/pablontiv/backscroll/internal/sources/sources.go:203.3,203.54 1 1
github.com/pablontiv/backscroll/internal/sources/sources.go:203.54,207.4 3 1
github.com/pablontiv/backscroll/internal/sources/sources.go:208.3,208.56 1 1
github.com/pablontiv/backscroll/internal/sources/sources.go:208.56,212.4 3 1
github.com/pablontiv/backscroll/internal/sources/sources.go:216.2,216.46 1 1
github.com/pablontiv/backscroll/internal/config/config.go:43.30,57.79 3 1
github.com/pablontiv/backscroll/internal/config/config.go:57.79,59.3 1 0
github.com/pablontiv/backscroll/internal/config/config.go:62.2,62.88 1 1
github.com/pablontiv/backscroll/internal/config/config.go:62.88,64.3 1 0
github.com/pablontiv/backscroll/internal/config/config.go:67.2,67.67 1 1
github.com/pablontiv/backscroll/internal/config/config.go:67.67,69.3 1 1
github.com/pablontiv/backscroll/internal/config/config.go:71.2,71.76 1 1
github.com/pablontiv/backscroll/internal/config/config.go:71.76,75.3 2 1
github.com/pablontiv/backscroll/internal/config/config.go:78.2,78.54 1 1
github.com/pablontiv/backscroll/internal/config/config.go:78.54,80.3 1 0
github.com/pablontiv/backscroll/internal/config/config.go:83.2,83.31 1 1
github.com/pablontiv/backscroll/internal/config/config.go:83.31,85.3 1 0
github.com/pablontiv/backscroll/internal/config/config.go:87.2,87.17 1 1
github.com/pablontiv/backscroll/internal/config/config.go:91.53,93.16 2 1
github.com/pablontiv/backscroll/internal/config/config.go:93.16,95.3 1 1
github.com/pablontiv/backscroll/internal/config/config.go:98.2,99.55 2 1
github.com/pablontiv/backscroll/internal/config/config.go:99.55,101.3 1 1
github.com/pablontiv/backscroll/internal/config/config.go:104.2,104.32 1 1
github.com/pablontiv/backscroll/internal/config/config.go:104.32,106.3 1 1
github.com/pablontiv/backscroll/internal/config/config.go:109.2,109.34 1 1
github.com/pablontiv/backscroll/internal/config/config.go:109.34,112.3 2 1
github.com/pablontiv/backscroll/internal/config/config.go:112.8,112.37 1 1
github.com/pablontiv/backscroll/internal/config/config.go:112.37,115.3 2 1
github.com/pablontiv/backscroll/internal/config/config.go:118.2,118.33 1 1
github.com/pablontiv/backscroll/internal/config/config.go:118.33,120.3 1 1
github.com/pablontiv/backscroll/internal/config/config.go:121.2,121.40 1 1
github.com/pablontiv/backscroll/internal/config/config.go:121.40,123.3 1 1
github.com/pablontiv/backscroll/internal/config/config.go:124.2,124.39 1 1
github.com/pablontiv/backscroll/internal/config/config.go:124.39,126.3 1 1
github.com/pablontiv/backscroll/internal/config/config.go:127.2,127.36 1 1
github.com/pablontiv/backscroll/internal/config/config.go:127.36,129.3 1 1
github.com/pablontiv/backscroll/internal/config/config.go:130.2,130.36 1 1
github.com/pablontiv/backscroll/internal/config/config.go:130.36,132.3 1 1
github.com/pablontiv/backscroll/internal/config/config.go:133.2,133.38 1 1
github.com/pablontiv/backscroll/internal/config/config.go:133.38,135.3 1 1
github.com/pablontiv/backscroll/internal/config/config.go:138.2,138.31 1 1
github.com/pablontiv/backscroll/internal/config/config.go:138.31,140.3 1 1
github.com/pablontiv/backscroll/internal/config/config.go:141.2,141.39 1 1
github.com/pablontiv/backscroll/internal/config/config.go:141.39,143.3 1 1
github.com/pablontiv/backscroll/internal/config/config.go:144.2,144.39 1 1
github.com/pablontiv/backscroll/internal/config/config.go:144.39,146.3 1 1
github.com/pablontiv/backscroll/internal/config/config.go:147.2,147.47 1 1
github.com/pablontiv/backscroll/internal/config/config.go:147.47,149.3 1 1
github.com/pablontiv/backscroll/internal/config/config.go:150.2,150.32 1 1
github.com/pablontiv/backscroll/internal/config/config.go:150.32,152.3 1 1
github.com/pablontiv/backscroll/internal/config/config.go:154.2,154.12 1 1
github.com/pablontiv/backscroll/internal/config/config.go:158.46,162.16 3 1
github.com/pablontiv/backscroll/internal/config/config.go:162.16,164.25 1 0
github.com/pablontiv/backscroll/internal/config/config.go:164.25,166.4 1 0
github.com/pablontiv/backscroll/internal/config/config.go:167.3,167.18 1 0
github.com/pablontiv/backscroll/internal/config/config.go:170.2,171.32 2 1
github.com/pablontiv/backscroll/internal/config/config.go:171.32,172.20 1 1
github.com/pablontiv/backscroll/internal/config/config.go:172.20,174.4 1 1
github.com/pablontiv/backscroll/internal/config/config.go:177.2,177.18 1 1
github.com/pablontiv/backscroll/internal/config/config.go:182.35,184.2 1 1
github.com/pablontiv/backscroll/internal/config/config.go:186.32,188.2 1 1
github.com/pablontiv/backscroll/internal/config/config.go:190.23,192.16 2 1
github.com/pablontiv/backscroll/internal/config/config.go:192.16,194.43 1 0
github.com/pablontiv/backscroll/internal/config/config.go:194.43,196.4 1 0
github.com/pablontiv/backscroll/internal/config/config.go:198.2,198.13 1 1
github.com/pablontiv/backscroll/internal/projects/projects.go:41.43,45.2 3 1
github.com/pablontiv/backscroll/internal/projects/projects.go:47.52,49.16 2 1
github.com/pablontiv/backscroll/internal/projects/projects.go:49.16,51.3 1 0
github.com/pablontiv/backscroll/internal/projects/projects.go:52.2,53.51 2 1
github.com/pablontiv/backscroll/internal/projects/projects.go:53.51,55.3 1 1
github.com/pablontiv/backscroll/internal/projects/projects.go:56.2,56.12 1 1
github.com/pablontiv/backscroll/internal/projects/projects.go:61.45,63.14 2 1
github.com/pablontiv/backscroll/internal/projects/projects.go:63.14,65.53 2 1
github.com/pablontiv/backscroll/internal/projects/projects.go:65.53,67.78 2 1
github.com/pablontiv/backscroll/internal/projects/projects.go:67.78,69.5 1 1
github.com/pablontiv/backscroll/internal/projects/projects.go:71.3,72.24 2 1
github.com/pablontiv/backscroll/internal/projects/projects.go:72.24,73.9 1 1
github.com/pablontiv/backscroll/internal/projects/projects.go:75.3,75.19 1 1
github.com/pablontiv/backscroll/internal/projects/projects.go:77.2,77.12 1 1
github.com/pablontiv/backscroll/internal/projects/projects.go:82.68,83.45 1 1
github.com/pablontiv/backscroll/internal/projects/projects.go:83.45,85.3 1 1
github.com/pablontiv/backscroll/internal/projects/projects.go:88.2,88.38 1 1
github.com/pablontiv/backscroll/internal/projects/projects.go:88.38,89.32 1 1
github.com/pablontiv/backscroll/internal/projects/projects.go:89.32,90.19 1 1
github.com/pablontiv/backscroll/internal/projects/projects.go:90.19,92.5 1 1
github.com/pablontiv/backscroll/internal/projects/projects.go:97.2,97.38 1 1
github.com/pablontiv/backscroll/internal/projects/projects.go:97.38,98.46 1 1
github.com/pablontiv/backscroll/internal/projects/projects.go:98.46,99.59 1 1
github.com/pablontiv/backscroll/internal/projects/projects.go:99.59,101.5 1 1
github.com/pablontiv/backscroll/internal/projects/projects.go:106.2,106.38 1 1
github.com/pablontiv/backscroll/internal/projects/projects.go:106.38,107.32 1 1
github.com/pablontiv/backscroll/internal/projects/projects.go:107.32,108.63 1 1
github.com/pablontiv/backscroll/internal/projects/projects.go:108.63,110.5 1 1
github.com/pablontiv/backscroll/internal/projects/projects.go:115.2,116.38 2 1
github.com/pablontiv/backscroll/internal/projects/projects.go:116.38,117.32 1 1
github.com/pablontiv/backscroll/internal/projects/projects.go:117.32,119.88 2 1
github.com/pablontiv/backscroll/internal/projects/projects.go:119.88,121.5 1 1
github.com/pablontiv/backscroll/internal/projects/projects.go:125.2,125.76 1 1
github.com/pablontiv/backscroll/internal/projects/projects.go:128.61,130.2 1 1
github.com/pablontiv/backscroll/internal/input_config/compat.go:13.59,57.2 1 1
github.com/pablontiv/backscroll/internal/input_config/compat.go:65.79,67.16 2 1
github.com/pablontiv/backscroll/internal/input_config/compat.go:67.16,69.3 1 0
github.com/pablontiv/backscroll/internal/input_config/compat.go:70.2,70.19 1 1
github.com/pablontiv/backscroll/internal/input_config/compat.go:70.19,72.3 1 1
github.com/pablontiv/backscroll/internal/input_config/compat.go:74.2,74.26 1 1
github.com/pablontiv/backscroll/internal/input_config/compat.go:74.26,76.3 1 1
github.com/pablontiv/backscroll/internal/input_config/compat.go:78.2,78.30 1 1
github.com/pablontiv/backscroll/internal/input_config/compat.go:90.36,91.11 1 1
github.com/pablontiv/backscroll/internal/input_config/compat.go:92.23,93.23 1 1
github.com/pablontiv/backscroll/internal/input_config/compat.go:94.18,95.33 1 1
github.com/pablontiv/backscroll/internal/input_config/compat.go:96.10,97.19 1 1
github.com/pablontiv/backscroll/internal/input_config/discover.go:16.58,22.33 4 1
github.com/pablontiv/backscroll/internal/input_config/discover.go:22.33,25.17 3 1
github.com/pablontiv/backscroll/internal/input_config/discover.go:25.17,26.12 1 0
github.com/pablontiv/backscroll/internal/input_config/discover.go:29.3,29.39 1 1
github.com/pablontiv/backscroll/internal/input_config/discover.go:29.39,31.18 2 1
github.com/pablontiv/backscroll/internal/input_config/discover.go:31.18,33.5 1 0
github.com/pablontiv/backscroll/internal/input_config/discover.go:34.4,34.41 1 1
github.com/pablontiv/backscroll/internal/input_config/discover.go:37.2,37.21 1 1
github.com/pablontiv/backscroll/internal/input_config/discover.go:40.121,43.82 2 1
github.com/pablontiv/backscroll/internal/input_config/discover.go:43.82,44.17 1 1
github.com/pablontiv/backscroll/internal/input_config/discover.go:44.17,46.4 1 1
github.com/pablontiv/backscroll/internal/input_config/discover.go:48.3,48.35 1 1
github.com/pablontiv/backscroll/internal/input_config/discover.go:48.35,49.23 1 1
github.com/pablontiv/backscroll/internal/input_config/discover.go:49.23,50.18 1 1
github.com/pablontiv/backscroll/internal/input_config/discover.go:50.18,52.6 1 0
github.com/pablontiv/backscroll/internal/input_config/discover.go:53.5,53.15 1 1
github.com/pablontiv/backscroll/internal/input_config/discover.go:56.4,57.18 2 1
github.com/pablontiv/backscroll/internal/input_config/discover.go:57.18,59.5 1 0
github.com/pablontiv/backscroll/internal/input_config/discover.go:60.4,60.45 1 1
github.com/pablontiv/backscroll/internal/input_config/discover.go:60.45,62.5 1 0
github.com/pablontiv/backscroll/internal/input_config/discover.go:63.4,63.31 1 1
github.com/pablontiv/backscroll/internal/input_config/discover.go:66.3,66.16 1 1
github.com/pablontiv/backscroll/internal/input_config/discover.go:66.16,68.4 1 1
github.com/pablontiv/backscroll/internal/input_config/discover.go:71.3,71.33 1 1
github.com/pablontiv/backscroll/internal/input_config/discover.go:71.33,73.18 2 1
github.com/pablontiv/backscroll/internal/input_config/discover.go:73.18,75.5 1 0
github.com/pablontiv/backscroll/internal/input_config/discover.go:76.4,76.15 1 1
github.com/pablontiv/backscroll/internal/input_config/discover.go:76.15,78.5 1 1
github.com/pablontiv/backscroll/internal/input_config/discover.go:82.3,83.17 2 1
github.com/pablontiv/backscroll/internal/input_config/discover.go:83.17,85.4 1 0
github.com/pablontiv/backscroll/internal/input_config/discover.go:86.3,87.17 2 1
github.com/pablontiv/backscroll/internal/input_config/discover.go:87.17,89.4 1 0
github.com/pablontiv/backscroll/internal/input_config/discover.go:90.3,90.15 1 1
github.com/pablontiv/backscroll/internal/input_config/discover.go:90.15,92.38 1 1
github.com/pablontiv/backscroll/internal/input_config/discover.go:92.38,94.5 1 1
github.com/pablontiv/backscroll/internal/input_config/discover.go:98.3,99.17 2 1
github.com/pablontiv/backscroll/internal/input_config/discover.go:99.17,101.4 1 0
github.com/pablontiv/backscroll/internal/input_config/discover.go:102.3,102.32 1 1
github.com/pablontiv/backscroll/internal/input_config/discover.go:102.32,105.4 2 1
github.com/pablontiv/backscroll/internal/input_config/discover.go:106.3,106.13 1 1
github.com/pablontiv/backscroll/internal/input_config/discover.go:108.2,108.21 1 1
github.com/pablontiv/backscroll/internal/input_config/discover.go:112.55,117.37 3 1
github.com/pablontiv/backscroll/internal/input_config/discover.go:117.37,119.3 1 1
github.com/pablontiv/backscroll/internal/input_config/discover.go:120.2,120.53 1 0
github.com/pablontiv/backscroll/internal/input_config/discover.go:124.48,128.2 3 1
github.com/pablontiv/backscroll/internal/input_config/discover.go:132.53,133.38 1 1
github.com/pablontiv/backscroll/internal/input_config/discover.go:133.38,136.3 2 0
github.com/pablontiv/backscroll/internal/input_config/discover.go:138.2,142.54 4 1
github.com/pablontiv/backscroll/internal/input_config/discover.go:142.54,144.3 1 1
github.com/pablontiv/backscroll/internal/input_config/discover.go:145.2,148.18 3 1
github.com/pablontiv/backscroll/internal/input_config/discover.go:148.18,150.3 1 1
github.com/pablontiv/backscroll/internal/input_config/discover.go:153.2,153.36 1 1
github.com/pablontiv/backscroll/internal/input_config/discover.go:153.36,156.27 2 1
github.com/pablontiv/backscroll/internal/input_config/discover.go:156.27,158.46 2 1
github.com/pablontiv/backscroll/internal/input_config/discover.go:158.46,160.5 1 1
github.com/pablontiv/backscroll/internal/input_config/discover.go:162.3,162.15 1 1
github.com/pablontiv/backscroll/internal/input_config/discover.go:166.2,167.26 2 1
github.com/pablontiv/backscroll/internal/input_config/discover.go:167.26,170.14 3 1
github.com/pablontiv/backscroll/internal/input_config/discover.go:170.14,172.4 1 1
github.com/pablontiv/backscroll/internal/input_config/discover.go:174.2,174.14 1 1
github.com/pablontiv/backscroll/internal/input_config/discover.go:179.52,180.38 1 1
github.com/pablontiv/backscroll/internal/input_config/discover.go:180.38,182.3 1 1
github.com/pablontiv/backscroll/internal/input_config/discover.go:184.2,185.28 2 1
github.com/pablontiv/backscroll/internal/input_config/discover.go:188.44,189.17 1 1
github.com/pablontiv/backscroll/internal/input_config/discover.go:189.17,191.3 1 0
github.com/pablontiv/backscroll/internal/input_config/discover.go:192.2,192.35 1 1
github.com/pablontiv/backscroll/internal/input_config/discover.go:192.35,194.3 1 1
github.com/pablontiv/backscroll/internal/input_config/discover.go:195.2,195.13 1 1
github.com/pablontiv/backscroll/internal/input_config/loader.go:13.34,15.16 2 1
github.com/pablontiv/backscroll/internal/input_config/loader.go:15.16,17.17 2 1
github.com/pablontiv/backscroll/internal/input_config/loader.go:17.17,19.4 1 0
github.com/pablontiv/backscroll/internal/input_config/loader.go:20.3,20.16 1 1
github.com/pablontiv/backscroll/internal/input_config/loader.go:22.2,22.57 1 1
github.com/pablontiv/backscroll/internal/input_config/loader.go:27.46,29.16 2 1
github.com/pablontiv/backscroll/internal/input_config/loader.go:29.16,31.3 1 0
github.com/pablontiv/backscroll/internal/input_config/loader.go:32.2,32.31 1 1
github.com/pablontiv/backscroll/internal/input_config/loader.go:36.63,38.16 2 1
github.com/pablontiv/backscroll/internal/input_config/loader.go:38.16,40.3 1 0
github.com/pablontiv/backscroll/internal/input_config/loader.go:42.2,43.31 2 1
github.com/pablontiv/backscroll/internal/input_config/loader.go:43.31,45.17 2 1
github.com/pablontiv/backscroll/internal/input_config/loader.go:45.17,47.4 1 1
github.com/pablontiv/backscroll/internal/input_config/loader.go:48.3,48.28 1 1
github.com/pablontiv/backscroll/internal/input_config/loader.go:48.28,49.18 1 1
github.com/pablontiv/backscroll/internal/input_config/loader.go:49.18,51.5 1 1
github.com/pablontiv/backscroll/internal/input_config/loader.go:54.2,54.20 1 1
github.com/pablontiv/backscroll/internal/input_config/loader.go:57.55,59.16 2 1
github.com/pablontiv/backscroll/internal/input_config/loader.go:59.16,61.3 1 0
github.com/pablontiv/backscroll/internal/input_config/loader.go:62.2,63.49 2 1
github.com/pablontiv/backscroll/internal/input_config/loader.go:63.49,65.3 1 1
github.com/pablontiv/backscroll/internal/input_config/loader.go:66.2,66.22 1 1
github.com/pablontiv/backscroll/internal/input_config/pipeline.go:24.71,25.27 1 1
github.com/pablontiv/backscroll/internal/input_config/pipeline.go:26.19,27.30 1 1
github.com/pablontiv/backscroll/internal/input_config/pipeline.go:28.10,29.82 1 1
github.com/pablontiv/backscroll/internal/input_config/pipeline.go:33.72,35.76 2 1
github.com/pablontiv/backscroll/internal/input_config/pipeline.go:35.76,37.55 2 1
github.com/pablontiv/backscroll/internal/input_config/pipeline.go:37.55,39.4 1 0
github.com/pablontiv/backscroll/internal/input_config/pipeline.go:42.3,42.38 1 1
github.com/pablontiv/backscroll/internal/input_config/pipeline.go:42.38,44.18 2 1
github.com/pablontiv/backscroll/internal/input_config/pipeline.go:44.18,46.5 1 0
github.com/pablontiv/backscroll/internal/input_config/pipeline.go:47.4,47.11 1 1
github.com/pablontiv/backscroll/internal/input_config/pipeline.go:47.11,49.5 1 1
github.com/pablontiv/backscroll/internal/input_config/pipeline.go:53.3,53.38 1 1
github.com/pablontiv/backscroll/internal/input_config/pipeline.go:53.38,55.18 2 1
github.com/pablontiv/backscroll/internal/input_config/pipeline.go:55.18,57.5 1 0
github.com/pablontiv/backscroll/internal/input_config/pipeline.go:58.4,58.16 1 1
github.com/pablontiv/backscroll/internal/input_config/pipeline.go:58.16,60.5 1 1
github.com/pablontiv/backscroll/internal/input_config/pipeline.go:64.3,74.33 7 1
github.com/pablontiv/backscroll/internal/input_config/pipeline.go:74.33,76.4 1 1
github.com/pablontiv/backscroll/internal/input_config/pipeline.go:77.3,77.17 1 1
github.com/pablontiv/backscroll/internal/input_config/pipeline.go:77.17,79.4 1 0
github.com/pablontiv/backscroll/internal/input_config/pipeline.go:80.3,80.20 1 1
github.com/pablontiv/backscroll/internal/input_config/pipeline.go:80.20,82.4 1 0
github.com/pablontiv/backscroll/internal/input_config/pipeline.go:84.3,91.13 2 1
github.com/pablontiv/backscroll/internal/input_config/pipeline.go:93.2,93.21 1 1
github.com/pablontiv/backscroll/internal/input_config/pipeline.go:98.73,99.24 1 1
github.com/pablontiv/backscroll/internal/input_config/pipeline.go:99.24,101.3 1 0
github.com/pablontiv/backscroll/internal/input_config/pipeline.go:103.2,104.23 2 1
github.com/pablontiv/backscroll/internal/input_config/pipeline.go:104.23,106.3 1 0
github.com/pablontiv/backscroll/internal/input_config/pipeline.go:109.2,109.31 1 1
github.com/pablontiv/backscroll/internal/input_config/pipeline.go:109.31,111.3 1 1
github.com/pablontiv/backscroll/internal/input_config/pipeline.go:114.2,115.9 2 1
github.com/pablontiv/backscroll/internal/input_config/pipeline.go:115.9,117.3 1 0
github.com/pablontiv/backscroll/internal/input_config/pipeline.go:119.2,120.27 2 1
github.com/pablontiv/backscroll/internal/input_config/pipeline.go:120.27,122.10 2 1
github.com/pablontiv/backscroll/internal/input_config/pipeline.go:122.10,123.12 1 0
github.com/pablontiv/backscroll/internal/input_config/pipeline.go:127.3,127.31 1 1
github.com/pablontiv/backscroll/internal/input_config/pipeline.go:127.31,129.27 2 1
github.com/pablontiv/backscroll/internal/input_config/pipeline.go:129.27,130.13 1 0
github.com/pablontiv/backscroll/internal/input_config/pipeline.go:135.3,135.26 1 1
github.com/pablontiv/backscroll/internal/input_config/pipeline.go:135.26,137.24 2 1
github.com/pablontiv/backscroll/internal/input_config/pipeline.go:137.24,139.5 1 1
github.com/pablontiv/backscroll/internal/input_config/pipeline.go:143.2,143.21 1 1
github.com/pablontiv/backscroll/internal/input_config/pipeline.go:143.21,145.3 1 0
github.com/pablontiv/backscroll/internal/input_config/pipeline.go:147.2,148.16 2 1
github.com/pablontiv/backscroll/internal/input_config/pipeline.go:148.16,150.3 1 1
github.com/pablontiv/backscroll/internal/input_config/pipeline.go:151.2,154.26 3 1
github.com/pablontiv/backscroll/internal/input_config/pipeline.go:154.26,155.12 1 1
github.com/pablontiv/backscroll/internal/input_config/pipeline.go:155.12,157.4 1 0
github.com/pablontiv/backscroll/internal/input_config/pipeline.go:158.3,158.14 1 1
github.com/pablontiv/backscroll/internal/input_config/pipeline.go:160.2,160.15 1 1
github.com/pablontiv/backscroll/internal/input_config/pipeline.go:166.83,168.76 2 1
github.com/pablontiv/backscroll/internal/input_config/pipeline.go:168.76,170.55 2 1
github.com/pablontiv/backscroll/internal/input_config/pipeline.go:170.55,172.4 1 0
github.com/pablontiv/backscroll/internal/input_config/pipeline.go:174.3,174.38 1 1
github.com/pablontiv/backscroll/internal/input_config/pipeline.go:174.38,176.18 2 1
github.com/pablontiv/backscroll/internal/input_config/pipeline.go:176.18,178.5 1 0
github.com/pablontiv/backscroll/internal/input_config/pipeline.go:179.4,179.11 1 1
github.com/pablontiv/backscroll/internal/input_config/pipeline.go:179.11,181.5 1 0
github.com/pablontiv/backscroll/internal/input_config/pipeline.go:184.3,184.38 1 1
github.com/pablontiv/backscroll/internal/input_config/pipeline.go:184.38,186.18 2 1
github.com/pablontiv/backscroll/internal/input_config/pipeline.go:186.18,188.5 1 0
github.com/pablontiv/backscroll/internal/input_config/pipeline.go:189.4,189.16 1 1
github.com/pablontiv/backscroll/internal/input_config/pipeline.go:189.16,191.5 1 1
github.com/pablontiv/backscroll/internal/input_config/pipeline.go:194.3,199.17 5 1
github.com/pablontiv/backscroll/internal/input_config/pipeline.go:199.17,201.4 1 1
github.com/pablontiv/backscroll/internal/input_config/pipeline.go:203.3,205.33 3 1
github.com/pablontiv/backscroll/internal/input_config/pipeline.go:205.33,207.4 1 0
github.com/pablontiv/backscroll/internal/input_config/pipeline.go:208.3,208.17 1 1
github.com/pablontiv/backscroll/internal/input_config/pipeline.go:208.17,210.4 1 0
github.com/pablontiv/backscroll/internal/input_config/pipeline.go:211.3,211.20 1 1
github.com/pablontiv/backscroll/internal/input_config/pipeline.go:211.20,213.4 1 0
github.com/pablontiv/backscroll/internal/input_config/pipeline.go:215.3,221.13 2 1
github.com/pablontiv/backscroll/internal/input_config/pipeline.go:223.2,223.21 1 1
github.com/pablontiv/backscroll/internal/input_config/pipeline.go:227.40,228.21 1 1
github.com/pablontiv/backscroll/internal/input_config/pipeline.go:228.21,230.3 1 1
github.com/pablontiv/backscroll/internal/input_config/pipeline.go:231.2,231.13 1 1
github.com/pablontiv/backscroll/internal/input_config/predicate.go:10.58,11.14 1 1
github.com/pablontiv/backscroll/internal/input_config/predicate.go:12.12,13.42 1 1
github.com/pablontiv/backscroll/internal/input_config/predicate.go:14.12,15.43 1 1
github.com/pablontiv/backscroll/internal/input_config/predicate.go:16.12,18.10 2 1
github.com/pablontiv/backscroll/internal/input_config/predicate.go:18.10,20.4 1 0
github.com/pablontiv/backscroll/internal/input_config/predicate.go:21.3,21.29 1 1
github.com/pablontiv/backscroll/internal/input_config/predicate.go:21.29,22.32 1 1
github.com/pablontiv/backscroll/internal/input_config/predicate.go:22.32,24.5 1 1
github.com/pablontiv/backscroll/internal/input_config/predicate.go:26.3,26.20 1 1
github.com/pablontiv/backscroll/internal/input_config/predicate.go:27.16,28.27 1 1
github.com/pablontiv/backscroll/internal/input_config/predicate.go:29.17,30.27 1 1
github.com/pablontiv/backscroll/internal/input_config/predicate.go:31.10,32.61 1 1
github.com/pablontiv/backscroll/internal/input_config/predicate.go:38.82,39.31 1 1
github.com/pablontiv/backscroll/internal/input_config/predicate.go:39.31,42.17 3 1
github.com/pablontiv/backscroll/internal/input_config/predicate.go:42.17,44.4 1 0
github.com/pablontiv/backscroll/internal/input_config/predicate.go:45.3,45.10 1 1
github.com/pablontiv/backscroll/internal/input_config/predicate.go:45.10,47.4 1 1
github.com/pablontiv/backscroll/internal/input_config/predicate.go:49.2,49.18 1 1
github.com/pablontiv/backscroll/internal/input_config/predicate.go:57.33,58.12 1 1
github.com/pablontiv/backscroll/internal/input_config/predicate.go:58.12,60.3 1 1
github.com/pablontiv/backscroll/internal/input_config/predicate.go:62.2,64.16 3 1
github.com/pablontiv/backscroll/internal/input_config/predicate.go:64.16,66.3 1 1
github.com/pablontiv/backscroll/internal/input_config/predicate.go:67.2,67.14 1 1
github.com/pablontiv/backscroll/internal/input_config/predicate.go:70.37,71.23 1 1
github.com/pablontiv/backscroll/internal/input_config/predicate.go:72.14,73.17 1 1
github.com/pablontiv/backscroll/internal/input_config/predicate.go:74.12,75.8 1 1
github.com/pablontiv/backscroll/internal/input_config/predicate.go:75.8,77.4 1 1
github.com/pablontiv/backscroll/internal/input_config/predicate.go:78.3,78.23 1 1
github.com/pablontiv/backscroll/internal/input_config/predicate.go:79.15,80.36 1 1
github.com/pablontiv/backscroll/internal/input_config/predicate.go:81.11,82.36 1 0
github.com/pablontiv/backscroll/internal/input_config/predicate.go:83.13,84.36 1 0
github.com/pablontiv/backscroll/internal/input_config/predicate.go:86.2,86.18 1 1
github.com/pablontiv/backscroll/internal/input_config/predicate.go:89.34,90.23 1 1
github.com/pablontiv/backscroll/internal/input_config/predicate.go:91.13,92.17 1 1
github.com/pablontiv/backscroll/internal/input_config/predicate.go:93.16,95.23 2 1
github.com/pablontiv/backscroll/internal/input_config/predicate.go:95.23,97.4 1 1
github.com/pablontiv/backscroll/internal/input_config/predicate.go:98.3,98.22 1 1
github.com/pablontiv/backscroll/internal/input_config/predicate.go:100.2,100.19 1 0
github.com/pablontiv/backscroll/internal/input_config/selector.go:10.66,11.31 1 1
github.com/pablontiv/backscroll/internal/input_config/selector.go:11.31,13.3 1 1
github.com/pablontiv/backscroll/internal/input_config/selector.go:16.2,20.32 4 1
github.com/pablontiv/backscroll/internal/input_config/selector.go:24.70,26.21 2 1
github.com/pablontiv/backscroll/internal/input_config/selector.go:26.21,28.3 1 1
github.com/pablontiv/backscroll/internal/input_config/selector.go:29.2,30.14 2 1
github.com/pablontiv/backscroll/internal/input_config/selector.go:33.38,38.2 3 1
github.com/pablontiv/backscroll/internal/input_config/selector.go:40.56,41.21 1 1
github.com/pablontiv/backscroll/internal/input_config/selector.go:41.21,43.3 1 1
github.com/pablontiv/backscroll/internal/input_config/selector.go:44.2,47.29 3 1
github.com/pablontiv/backscroll/internal/input_config/selector.go:48.22,50.10 2 1
github.com/pablontiv/backscroll/internal/input_config/selector.go:50.10,52.4 1 1
github.com/pablontiv/backscroll/internal/input_config/selector.go:53.3,53.31 1 1
github.com/pablontiv/backscroll/internal/input_config/selector.go:54.13,56.17 1 1
github.com/pablontiv/backscroll/internal/input_config/selector.go:56.17,58.27 2 1
github.com/pablontiv/backscroll/internal/input_config/selector.go:58.27,60.11 2 1
github.com/pablontiv/backscroll/internal/input_config/selector.go:60.11,62.6 1 1
github.com/pablontiv/backscroll/internal/input_config/selector.go:64.4,64.28 1 1
github.com/pablontiv/backscroll/internal/input_config/selector.go:67.3,68.25 2 1
github.com/pablontiv/backscroll/internal/input_config/selector.go:68.25,69.26 1 1
github.com/pablontiv/backscroll/internal/input_config/selector.go:69.26,71.5 1 0
github.com/pablontiv/backscroll/internal/input_config/selector.go:72.4,72.29 1 1
github.com/pablontiv/backscroll/internal/input_config/selector.go:74.3,74.20 1 1
github.com/pablontiv/backscroll/internal/input_config/selector.go:74.20,76.4 1 1
github.com/pablontiv/backscroll/internal/input_config/selector.go:77.3,77.32 1 1
github.com/pablontiv/backscroll/internal/input_config/selector.go:79.2,79.19 1 0
github.com/pablontiv/backscroll/internal/input_config/transform.go:14.67,15.31 1 1
github.com/pablontiv/backscroll/internal/input_config/transform.go:15.31,18.17 3 1
github.com/pablontiv/backscroll/internal/input_config/transform.go:18.17,20.4 1 1
github.com/pablontiv/backscroll/internal/input_config/transform.go:23.2,23.14 1 1
github.com/pablontiv/backscroll/internal/input_config/transform.go:23.14,25.3 1 1
github.com/pablontiv/backscroll/internal/input_config/transform.go:27.2,27.20 1 1
github.com/pablontiv/backscroll/internal/input_config/transform.go:27.20,29.3 1 1
github.com/pablontiv/backscroll/internal/input_config/transform.go:31.2,31.52 1 1
github.com/pablontiv/backscroll/internal/input_config/transform.go:31.52,33.3 1 1
github.com/pablontiv/backscroll/internal/input_config/transform.go:35.2,35.18 1 1
github.com/pablontiv/backscroll/internal/input_config/transform.go:38.63,39.16 1 1
github.com/pablontiv/backscroll/internal/input_config/transform.go:40.15,42.17 2 1
github.com/pablontiv/backscroll/internal/input_config/transform.go:42.17,44.4 1 1
github.com/pablontiv/backscroll/internal/input_config/transform.go:45.3,45.44 1 1
github.com/pablontiv/backscroll/internal/input_config/transform.go:46.19,47.54 1 1
github.com/pablontiv/backscroll/internal/input_config/transform.go:48.10,50.54 1 0
github.com/pablontiv/backscroll/internal/input_config/transform.go:55.50,59.26 3 1
github.com/pablontiv/backscroll/internal/input_config/transform.go:59.26,62.3 2 1
github.com/pablontiv/backscroll/internal/input_config/transform.go:63.2,63.17 1 1
github.com/pablontiv/backscroll/internal/input_config/transform.go:63.17,65.3 1 0
github.com/pablontiv/backscroll/internal/input_config/transform.go:67.2,68.58 2 1
github.com/pablontiv/backscroll/internal/input_config/transform.go:77.46,79.2 1 1
github.com/pablontiv/backscroll/internal/input_config/transform.go:81.46,83.2 1 1
github.com/pablontiv/backscroll/internal/storage/embeddings.go:23.42,25.22 2 1
github.com/pablontiv/backscroll/internal/storage/embeddings.go:25.22,27.3 1 1
github.com/pablontiv/backscroll/internal/storage/embeddings.go:28.2,28.12 1 1
github.com/pablontiv/backscroll/internal/storage/embeddings.go:32.44,33.21 1 1
github.com/pablontiv/backscroll/internal/storage/embeddings.go:33.21,35.3 1 1
github.com/pablontiv/backscroll/internal/storage/embeddings.go:36.2,37.19 2 1
github.com/pablontiv/backscroll/internal/storage/embeddings.go:37.19,39.3 1 1
github.com/pablontiv/backscroll/internal/storage/embeddings.go:40.2,40.10 1 1
github.com/pablontiv/backscroll/internal/storage/embeddings.go:45.47,47.19 2 1
github.com/pablontiv/backscroll/internal/storage/embeddings.go:47.19,51.3 3 1
github.com/pablontiv/backscroll/internal/storage/embeddings.go:52.2,52.28 1 1
github.com/pablontiv/backscroll/internal/storage/embeddings.go:52.28,54.3 1 1
github.com/pablontiv/backscroll/internal/storage/embeddings.go:55.2,55.50 1 1
github.com/pablontiv/backscroll/internal/storage/embeddings.go:67.108,69.16 2 1
github.com/pablontiv/backscroll/internal/storage/embeddings.go:69.16,71.3 1 0
github.com/pablontiv/backscroll/internal/storage/embeddings.go:72.2,72.15 1 1
github.com/pablontiv/backscroll/internal/storage/embeddings.go:72.15,72.36 1 1
github.com/pablontiv/backscroll/internal/storage/embeddings.go:74.2,74.89 1 1
github.com/pablontiv/backscroll/internal/storage/embeddings.go:74.89,76.3 1 0
github.com/pablontiv/backscroll/internal/storage/embeddings.go:78.2,79.27 2 1
github.com/pablontiv/backscroll/internal/storage/embeddings.go:79.27,85.17 2 1
github.com/pablontiv/backscroll/internal/storage/embeddings.go:85.17,87.4 1 0
github.com/pablontiv/backscroll/internal/storage/embeddings.go:88.3,89.24 2 1
github.com/pablontiv/backscroll/internal/storage/embeddings.go:92.2,92.36 1 1
github.com/pablontiv/backscroll/internal/storage/embeddings.go:92.36,94.3 1 0
github.com/pablontiv/backscroll/internal/storage/embeddings.go:95.2,95.17 1 1
github.com/pablontiv/backscroll/internal/storage/embeddings.go:99.130,106.2 2 1
github.com/pablontiv/backscroll/internal/storage/embeddings.go:109.49,113.2 3 1
github.com/pablontiv/backscroll/internal/storage/embeddings.go:116.53,120.2 3 1
github.com/pablontiv/backscroll/internal/storage/embeddings.go:123.50,127.2 3 1
github.com/pablontiv/backscroll/internal/storage/embeddings.go:130.83,136.2 2 1
github.com/pablontiv/backscroll/internal/storage/embeddings.go:140.68,147.16 2 1
github.com/pablontiv/backscroll/internal/storage/embeddings.go:147.16,149.3 1 0
github.com/pablontiv/backscroll/internal/storage/embeddings.go:150.2,150.15 1 1
github.com/pablontiv/backscroll/internal/storage/embeddings.go:150.15,150.35 1 1
github.com/pablontiv/backscroll/internal/storage/embeddings.go:152.2,153.18 2 1
github.com/pablontiv/backscroll/internal/storage/embeddings.go:153.18,156.67 3 1
github.com/pablontiv/backscroll/internal/storage/embeddings.go:156.67,158.4 1 0
github.com/pablontiv/backscroll/internal/storage/embeddings.go:159.3,160.32 2 1
github.com/pablontiv/backscroll/internal/storage/embeddings.go:162.2,162.28 1 1
github.com/pablontiv/backscroll/internal/storage/embeddings.go:167.87,169.16 2 1
github.com/pablontiv/backscroll/internal/storage/embeddings.go:169.16,171.3 1 0
github.com/pablontiv/backscroll/internal/storage/embeddings.go:174.2,175.27 2 1
github.com/pablontiv/backscroll/internal/storage/embeddings.go:175.27,176.40 1 1
github.com/pablontiv/backscroll/internal/storage/embeddings.go:176.40,177.12 1 1
github.com/pablontiv/backscroll/internal/storage/embeddings.go:179.3,180.27 2 1
github.com/pablontiv/backscroll/internal/storage/embeddings.go:180.27,182.4 1 1
github.com/pablontiv/backscroll/internal/storage/embeddings.go:185.2,186.32 2 1
github.com/pablontiv/backscroll/internal/storage/embeddings.go:186.32,188.3 1 1
github.com/pablontiv/backscroll/internal/storage/embeddings.go:191.2,191.36 1 1
github.com/pablontiv/backscroll/internal/storage/embeddings.go:191.36,192.77 1 1
github.com/pablontiv/backscroll/internal/storage/embeddings.go:192.77,194.4 1 1
github.com/pablontiv/backscroll/internal/storage/embeddings.go:197.2,197.37 1 1
github.com/pablontiv/backscroll/internal/storage/embeddings.go:197.37,199.3 1 1
github.com/pablontiv/backscroll/internal/storage/embeddings.go:200.2,200.21 1 1
github.com/pablontiv/backscroll/internal/storage/hybrid.go:13.72,15.2 1 1
github.com/pablontiv/backscroll/internal/storage/hybrid.go:23.98,25.16 2 1
github.com/pablontiv/backscroll/internal/storage/hybrid.go:25.16,27.3 1 0
github.com/pablontiv/backscroll/internal/storage/hybrid.go:30.2,30.52 1 1
github.com/pablontiv/backscroll/internal/storage/hybrid.go:30.52,32.3 1 1
github.com/pablontiv/backscroll/internal/storage/hybrid.go:35.2,36.36 2 1
github.com/pablontiv/backscroll/internal/storage/hybrid.go:36.36,38.3 1 1
github.com/pablontiv/backscroll/internal/storage/hybrid.go:41.2,42.16 2 1
github.com/pablontiv/backscroll/internal/storage/hybrid.go:42.16,45.3 1 0
github.com/pablontiv/backscroll/internal/storage/hybrid.go:48.2,49.15 2 1
github.com/pablontiv/backscroll/internal/storage/hybrid.go:49.15,51.3 1 1
github.com/pablontiv/backscroll/internal/storage/hybrid.go:52.2,53.16 2 1
github.com/pablontiv/backscroll/internal/storage/hybrid.go:53.16,55.3 1 0
github.com/pablontiv/backscroll/internal/storage/hybrid.go:58.2,58.34 1 1
github.com/pablontiv/backscroll/internal/storage/hybrid.go:58.34,60.33 2 1
github.com/pablontiv/backscroll/internal/storage/hybrid.go:60.33,61.49 1 0
github.com/pablontiv/backscroll/internal/storage/hybrid.go:61.49,63.5 1 0
github.com/pablontiv/backscroll/internal/storage/hybrid.go:65.3,65.24 1 1
github.com/pablontiv/backscroll/internal/storage/hybrid.go:68.2,68.26 1 1
github.com/pablontiv/backscroll/internal/storage/hybrid.go:68.26,70.3 1 1
github.com/pablontiv/backscroll/internal/storage/hybrid.go:73.2,74.32 2 1
github.com/pablontiv/backscroll/internal/storage/hybrid.go:74.32,76.3 1 1
github.com/pablontiv/backscroll/internal/storage/hybrid.go:77.2,78.32 2 1
github.com/pablontiv/backscroll/internal/storage/hybrid.go:78.32,80.3 1 1
github.com/pablontiv/backscroll/internal/storage/hybrid.go:82.2,86.32 3 1
github.com/pablontiv/backscroll/internal/storage/hybrid.go:86.32,88.3 1 1
github.com/pablontiv/backscroll/internal/storage/hybrid.go:92.2,94.26 3 1
github.com/pablontiv/backscroll/internal/storage/hybrid.go:94.26,95.17 1 1
github.com/pablontiv/backscroll/internal/storage/hybrid.go:95.17,96.12 1 0
github.com/pablontiv/backscroll/internal/storage/hybrid.go:98.3,99.30 2 1
github.com/pablontiv/backscroll/internal/storage/hybrid.go:99.30,102.4 2 1
github.com/pablontiv/backscroll/internal/storage/hybrid.go:106.2,106.47 1 1
github.com/pablontiv/backscroll/internal/storage/hybrid.go:106.47,108.3 1 0
github.com/pablontiv/backscroll/internal/storage/hybrid.go:110.2,110.19 1 1
github.com/pablontiv/backscroll/internal/storage/hybrid.go:114.48,116.2 1 1
github.com/pablontiv/backscroll/internal/storage/migrations.go:10.40,19.17 1 1
github.com/pablontiv/backscroll/internal/storage/migrations.go:19.17,21.3 1 0
github.com/pablontiv/backscroll/internal/storage/migrations.go:24.2,26.16 3 1
github.com/pablontiv/backscroll/internal/storage/migrations.go:26.16,28.3 1 0
github.com/pablontiv/backscroll/internal/storage/migrations.go:30.2,30.16 1 1
github.com/pablontiv/backscroll/internal/storage/migrations.go:30.16,32.46 1 1
github.com/pablontiv/backscroll/internal/storage/migrations.go:32.46,34.4 1 0
github.com/pablontiv/backscroll/internal/storage/migrations.go:38.2,39.16 2 1
github.com/pablontiv/backscroll/internal/storage/migrations.go:39.16,41.3 1 0
github.com/pablontiv/backscroll/internal/storage/migrations.go:43.2,43.16 1 1
github.com/pablontiv/backscroll/internal/storage/migrations.go:43.16,44.46 1 1
github.com/pablontiv/backscroll/internal/storage/migrations.go:44.46,46.4 1 0
github.com/pablontiv/backscroll/internal/storage/migrations.go:50.2,51.16 2 1
github.com/pablontiv/backscroll/internal/storage/migrations.go:51.16,53.3 1 0
github.com/pablontiv/backscroll/internal/storage/migrations.go:55.2,55.16 1 1
github.com/pablontiv/backscroll/internal/storage/migrations.go:55.16,56.46 1 1
github.com/pablontiv/backscroll/internal/storage/migrations.go:56.46,58.4 1 1
github.com/pablontiv/backscroll/internal/storage/migrations.go:61.2,61.12 1 1
github.com/pablontiv/backscroll/internal/storage/migrations.go:65.45,67.16 2 1
github.com/pablontiv/backscroll/internal/storage/migrations.go:67.16,69.3 1 0
github.com/pablontiv/backscroll/internal/storage/migrations.go:70.2,70.15 1 1
github.com/pablontiv/backscroll/internal/storage/migrations.go:70.15,70.36 1 1
github.com/pablontiv/backscroll/internal/storage/migrations.go:73.2,76.46 2 1
github.com/pablontiv/backscroll/internal/storage/migrations.go:76.46,78.3 1 0
github.com/pablontiv/backscroll/internal/storage/migrations.go:81.2,81.46 1 1
github.com/pablontiv/backscroll/internal/storage/migrations.go:81.46,83.3 1 0
github.com/pablontiv/backscroll/internal/storage/migrations.go:86.2,86.50 1 1
github.com/pablontiv/backscroll/internal/storage/migrations.go:86.50,88.3 1 0
github.com/pablontiv/backscroll/internal/storage/migrations.go:91.2,99.16 4 1
github.com/pablontiv/backscroll/internal/storage/migrations.go:99.16,101.3 1 0
github.com/pablontiv/backscroll/internal/storage/migrations.go:103.2,103.36 1 1
github.com/pablontiv/backscroll/internal/storage/migrations.go:103.36,105.3 1 0
github.com/pablontiv/backscroll/internal/storage/migrations.go:107.2,107.12 1 1
github.com/pablontiv/backscroll/internal/storage/migrations.go:111.45,113.16 2 1
github.com/pablontiv/backscroll/internal/storage/migrations.go:113.16,115.3 1 0
github.com/pablontiv/backscroll/internal/storage/migrations.go:116.2,116.15 1 1
github.com/pablontiv/backscroll/internal/storage/migrations.go:116.15,116.36 1 1
github.com/pablontiv/backscroll/internal/storage/migrations.go:118.2,118.42 1 1
github.com/pablontiv/backscroll/internal/storage/migrations.go:118.42,120.3 1 0
github.com/pablontiv/backscroll/internal/storage/migrations.go:122.2,129.16 4 1
github.com/pablontiv/backscroll/internal/storage/migrations.go:129.16,131.3 1 0
github.com/pablontiv/backscroll/internal/storage/migrations.go:133.2,133.36 1 1
github.com/pablontiv/backscroll/internal/storage/migrations.go:133.36,135.3 1 0
github.com/pablontiv/backscroll/internal/storage/migrations.go:137.2,137.12 1 1
github.com/pablontiv/backscroll/internal/storage/migrations.go:143.45,145.16 2 1
github.com/pablontiv/backscroll/internal/storage/migrations.go:145.16,147.3 1 0
github.com/pablontiv/backscroll/internal/storage/migrations.go:148.2,148.15 1 1
github.com/pablontiv/backscroll/internal/storage/migrations.go:148.15,148.36 1 1
github.com/pablontiv/backscroll/internal/storage/migrations.go:150.2,150.42 1 1
github.com/pablontiv/backscroll/internal/storage/migrations.go:150.42,152.3 1 1
github.com/pablontiv/backscroll/internal/storage/migrations.go:154.2,161.16 4 1
github.com/pablontiv/backscroll/internal/storage/migrations.go:161.16,163.3 1 0
github.com/pablontiv/backscroll/internal/storage/migrations.go:165.2,165.36 1 1
github.com/pablontiv/backscroll/internal/storage/migrations.go:165.36,167.3 1 0
github.com/pablontiv/backscroll/internal/storage/migrations.go:169.2,169.12 1 1
github.com/pablontiv/backscroll/internal/storage/queries.go:22.46,27.16 3 1
github.com/pablontiv/backscroll/internal/storage/queries.go:27.16,29.3 1 0
github.com/pablontiv/backscroll/internal/storage/queries.go:32.2,33.16 2 1
github.com/pablontiv/backscroll/internal/storage/queries.go:33.16,35.3 1 0
github.com/pablontiv/backscroll/internal/storage/queries.go:38.2,40.40 3 1
github.com/pablontiv/backscroll/internal/storage/queries.go:40.40,42.3 1 0
github.com/pablontiv/backscroll/internal/storage/queries.go:44.2,44.23 1 1
github.com/pablontiv/backscroll/internal/storage/queries.go:44.23,47.29 2 1
github.com/pablontiv/backscroll/internal/storage/queries.go:47.29,48.63 1 1
github.com/pablontiv/backscroll/internal/storage/queries.go:48.63,50.10 2 1
github.com/pablontiv/backscroll/internal/storage/queries.go:56.2,61.19 4 1
github.com/pablontiv/backscroll/internal/storage/queries.go:74.79,75.16 1 1
github.com/pablontiv/backscroll/internal/storage/queries.go:75.16,77.3 1 1
github.com/pablontiv/backscroll/internal/storage/queries.go:79.2,81.19 3 1
github.com/pablontiv/backscroll/internal/storage/queries.go:81.19,84.3 2 1
github.com/pablontiv/backscroll/internal/storage/queries.go:86.2,87.16 2 1
github.com/pablontiv/backscroll/internal/storage/queries.go:87.16,89.3 1 0
github.com/pablontiv/backscroll/internal/storage/queries.go:90.2,90.15 1 1
github.com/pablontiv/backscroll/internal/storage/queries.go:90.15,90.35 1 1
github.com/pablontiv/backscroll/internal/storage/queries.go:92.2,93.18 2 1
github.com/pablontiv/backscroll/internal/storage/queries.go:93.18,95.42 2 1
github.com/pablontiv/backscroll/internal/storage/queries.go:95.42,96.12 1 0
github.com/pablontiv/backscroll/internal/storage/queries.go:98.3,98.62 1 1
github.com/pablontiv/backscroll/internal/storage/queries.go:98.62,100.45 2 1
github.com/pablontiv/backscroll/internal/storage/queries.go:100.45,102.5 1 1
github.com/pablontiv/backscroll/internal/storage/queries.go:105.2,105.35 1 1
github.com/pablontiv/backscroll/internal/storage/queries.go:105.35,107.3 1 0
github.com/pablontiv/backscroll/internal/storage/queries.go:110.2,115.25 3 1
github.com/pablontiv/backscroll/internal/storage/queries.go:115.25,117.3 1 1
github.com/pablontiv/backscroll/internal/storage/queries.go:118.2,118.41 1 1
github.com/pablontiv/backscroll/internal/storage/queries.go:118.41,120.3 1 1
github.com/pablontiv/backscroll/internal/storage/queries.go:122.2,123.30 2 1
github.com/pablontiv/backscroll/internal/storage/queries.go:123.30,124.28 1 1
github.com/pablontiv/backscroll/internal/storage/queries.go:124.28,125.9 1 1
github.com/pablontiv/backscroll/internal/storage/queries.go:127.3,127.69 1 1
github.com/pablontiv/backscroll/internal/storage/queries.go:129.2,129.21 1 1
github.com/pablontiv/backscroll/internal/storage/queries.go:133.34,144.2 2 1
github.com/pablontiv/backscroll/internal/storage/queries.go:173.74,183.22 3 1
github.com/pablontiv/backscroll/internal/storage/queries.go:183.22,189.3 3 1
github.com/pablontiv/backscroll/internal/storage/queries.go:192.2,192.45 1 1
github.com/pablontiv/backscroll/internal/storage/queries.go:192.45,195.3 2 1
github.com/pablontiv/backscroll/internal/storage/queries.go:198.2,198.23 1 1
github.com/pablontiv/backscroll/internal/storage/queries.go:198.23,201.3 2 1
github.com/pablontiv/backscroll/internal/storage/queries.go:202.2,202.24 1 1
github.com/pablontiv/backscroll/internal/storage/queries.go:202.24,205.3 2 1
github.com/pablontiv/backscroll/internal/storage/queries.go:207.2,212.22 2 1
github.com/pablontiv/backscroll/internal/storage/queries.go:212.22,213.54 1 1
github.com/pablontiv/backscroll/internal/storage/queries.go:213.54,215.4 1 1
github.com/pablontiv/backscroll/internal/storage/queries.go:215.9,215.60 1 1
github.com/pablontiv/backscroll/internal/storage/queries.go:215.60,217.4 1 1
github.com/pablontiv/backscroll/internal/storage/queries.go:221.2,221.20 1 1
github.com/pablontiv/backscroll/internal/storage/queries.go:221.20,223.3 1 1
github.com/pablontiv/backscroll/internal/storage/queries.go:224.2,224.21 1 1
github.com/pablontiv/backscroll/internal/storage/queries.go:224.21,226.3 1 0
github.com/pablontiv/backscroll/internal/storage/queries.go:228.2,229.16 2 1
github.com/pablontiv/backscroll/internal/storage/queries.go:229.16,231.3 1 0
github.com/pablontiv/backscroll/internal/storage/queries.go:233.2,234.18 2 1
github.com/pablontiv/backscroll/internal/storage/queries.go:234.18,238.69 3 1
github.com/pablontiv/backscroll/internal/storage/queries.go:238.69,241.4 2 0
github.com/pablontiv/backscroll/internal/storage/queries.go:243.3,243.15 1 1
github.com/pablontiv/backscroll/internal/storage/queries.go:243.15,246.4 2 1
github.com/pablontiv/backscroll/internal/storage/queries.go:248.3,248.37 1 1
github.com/pablontiv/backscroll/internal/storage/queries.go:250.2,250.37 1 1
github.com/pablontiv/backscroll/internal/storage/queries.go:250.37,252.3 1 0
github.com/pablontiv/backscroll/internal/storage/queries.go:255.2,255.24 1 1
github.com/pablontiv/backscroll/internal/storage/queries.go:255.24,257.3 1 1
github.com/pablontiv/backscroll/internal/storage/queries.go:259.2,260.29 2 1
github.com/pablontiv/backscroll/internal/storage/queries.go:260.29,262.3 1 1
github.com/pablontiv/backscroll/internal/storage/queries.go:263.2,270.16 4 1
github.com/pablontiv/backscroll/internal/storage/queries.go:270.16,272.3 1 0
github.com/pablontiv/backscroll/internal/storage/queries.go:273.2,273.15 1 1
github.com/pablontiv/backscroll/internal/storage/queries.go:273.15,273.38 1 1
github.com/pablontiv/backscroll/internal/storage/queries.go:275.2,276.21 2 1
github.com/pablontiv/backscroll/internal/storage/queries.go:276.21,278.51 2 1
github.com/pablontiv/backscroll/internal/storage/queries.go:278.51,280.4 1 0
github.com/pablontiv/backscroll/internal/storage/queries.go:281.3,281.51 1 1
github.com/pablontiv/backscroll/internal/storage/queries.go:283.2,283.38 1 1
github.com/pablontiv/backscroll/internal/storage/queries.go:283.38,285.3 1 0
github.com/pablontiv/backscroll/internal/storage/queries.go:287.2,287.26 1 1
github.com/pablontiv/backscroll/internal/storage/queries.go:287.26,289.3 1 1
github.com/pablontiv/backscroll/internal/storage/queries.go:291.2,291.22 1 1
github.com/pablontiv/backscroll/internal/storage/queries.go:308.88,318.45 3 1
github.com/pablontiv/backscroll/internal/storage/queries.go:318.45,321.3 2 1
github.com/pablontiv/backscroll/internal/storage/queries.go:324.2,324.22 1 1
github.com/pablontiv/backscroll/internal/storage/queries.go:324.22,327.3 2 0
github.com/pablontiv/backscroll/internal/storage/queries.go:330.2,330.26 1 1
github.com/pablontiv/backscroll/internal/storage/queries.go:330.26,333.3 2 1
github.com/pablontiv/backscroll/internal/storage/queries.go:336.2,336.25 1 1
github.com/pablontiv/backscroll/internal/storage/queries.go:336.25,339.3 2 1
github.com/pablontiv/backscroll/internal/storage/queries.go:342.2,342.24 1 1
github.com/pablontiv/backscroll/internal/storage/queries.go:342.24,345.3 2 0
github.com/pablontiv/backscroll/internal/storage/queries.go:348.2,348.23 1 1
github.com/pablontiv/backscroll/internal/storage/queries.go:348.23,351.3 2 1
github.com/pablontiv/backscroll/internal/storage/queries.go:352.2,352.24 1 1
github.com/pablontiv/backscroll/internal/storage/queries.go:352.24,355.3 2 1
github.com/pablontiv/backscroll/internal/storage/queries.go:358.2,358.22 1 1
github.com/pablontiv/backscroll/internal/storage/queries.go:358.22,359.54 1 1
github.com/pablontiv/backscroll/internal/storage/queries.go:359.54,361.4 1 1
github.com/pablontiv/backscroll/internal/storage/queries.go:361.9,361.60 1 1
github.com/pablontiv/backscroll/internal/storage/queries.go:361.60,363.4 1 1
github.com/pablontiv/backscroll/internal/storage/queries.go:364.8,367.3 1 1
github.com/pablontiv/backscroll/internal/storage/queries.go:370.2,370.20 1 1
github.com/pablontiv/backscroll/internal/storage/queries.go:370.20,372.3 1 1
github.com/pablontiv/backscroll/internal/storage/queries.go:373.2,373.21 1 1
github.com/pablontiv/backscroll/internal/storage/queries.go:373.21,375.3 1 1
github.com/pablontiv/backscroll/internal/storage/queries.go:377.2,378.16 2 1
github.com/pablontiv/backscroll/internal/storage/queries.go:378.16,380.3 1 0
github.com/pablontiv/backscroll/internal/storage/queries.go:381.2,381.15 1 1
github.com/pablontiv/backscroll/internal/storage/queries.go:381.15,381.35 1 1
github.com/pablontiv/backscroll/internal/storage/queries.go:383.2,384.18 2 1
github.com/pablontiv/backscroll/internal/storage/queries.go:384.18,388.135 3 1
github.com/pablontiv/backscroll/internal/storage/queries.go:388.135,390.4 1 0
github.com/pablontiv/backscroll/internal/storage/queries.go:392.3,392.20 1 1
github.com/pablontiv/backscroll/internal/storage/queries.go:392.20,394.4 1 1
github.com/pablontiv/backscroll/internal/storage/queries.go:396.3,396.29 1 1
github.com/pablontiv/backscroll/internal/storage/queries.go:398.2,398.27 1 1
github.com/pablontiv/backscroll/internal/storage/queries.go:403.85,411.19 3 1
github.com/pablontiv/backscroll/internal/storage/queries.go:411.19,414.3 2 1
github.com/pablontiv/backscroll/internal/storage/queries.go:416.2,420.16 2 1
github.com/pablontiv/backscroll/internal/storage/queries.go:420.16,422.3 1 1
github.com/pablontiv/backscroll/internal/storage/queries.go:424.2,425.16 2 1
github.com/pablontiv/backscroll/internal/storage/queries.go:425.16,427.3 1 0
github.com/pablontiv/backscroll/internal/storage/queries.go:432.2,433.18 2 1
github.com/pablontiv/backscroll/internal/storage/queries.go:433.18,437.69 3 1
github.com/pablontiv/backscroll/internal/storage/queries.go:437.69,440.4 2 0
github.com/pablontiv/backscroll/internal/storage/queries.go:442.3,442.15 1 1
github.com/pablontiv/backscroll/internal/storage/queries.go:442.15,445.4 2 1
github.com/pablontiv/backscroll/internal/storage/queries.go:447.3,447.37 1 1
github.com/pablontiv/backscroll/internal/storage/queries.go:449.2,449.37 1 1
github.com/pablontiv/backscroll/internal/storage/queries.go:449.37,451.3 1 0
github.com/pablontiv/backscroll/internal/storage/queries.go:454.2,454.24 1 1
github.com/pablontiv/backscroll/internal/storage/queries.go:454.24,456.3 1 1
github.com/pablontiv/backscroll/internal/storage/queries.go:458.2,459.29 2 1
github.com/pablontiv/backscroll/internal/storage/queries.go:459.29,461.3 1 1
github.com/pablontiv/backscroll/internal/storage/queries.go:462.2,469.16 4 1
github.com/pablontiv/backscroll/internal/storage/queries.go:469.16,471.3 1 0
github.com/pablontiv/backscroll/internal/storage/queries.go:472.2,472.15 1 1
github.com/pablontiv/backscroll/internal/storage/queries.go:472.15,472.38 1 1
github.com/pablontiv/backscroll/internal/storage/queries.go:474.2,475.21 2 1
github.com/pablontiv/backscroll/internal/storage/queries.go:475.21,477.51 2 1
github.com/pablontiv/backscroll/internal/storage/queries.go:477.51,479.4 1 0
github.com/pablontiv/backscroll/internal/storage/queries.go:480.3,480.51 1 1
github.com/pablontiv/backscroll/internal/storage/queries.go:482.2,482.38 1 1
github.com/pablontiv/backscroll/internal/storage/queries.go:482.38,484.3 1 0
github.com/pablontiv/backscroll/internal/storage/queries.go:486.2,486.26 1 1
github.com/pablontiv/backscroll/internal/storage/queries.go:486.26,488.3 1 1
github.com/pablontiv/backscroll/internal/storage/queries.go:490.2,490.22 1 1
github.com/pablontiv/backscroll/internal/storage/queries.go:494.37,505.31 2 1
github.com/pablontiv/backscroll/internal/storage/queries.go:505.31,511.32 3 1
github.com/pablontiv/backscroll/internal/storage/queries.go:511.32,513.4 1 1
github.com/pablontiv/backscroll/internal/storage/queries.go:517.2,522.34 3 1
github.com/pablontiv/backscroll/internal/storage/queries.go:522.34,524.3 1 1
github.com/pablontiv/backscroll/internal/storage/queries.go:527.2,532.16 3 1
github.com/pablontiv/backscroll/internal/storage/queries.go:532.16,534.3 1 0
github.com/pablontiv/backscroll/internal/storage/queries.go:536.2,536.17 1 1
github.com/pablontiv/backscroll/internal/storage/queries.go:536.17,538.3 1 1
github.com/pablontiv/backscroll/internal/storage/queries.go:540.2,540.12 1 1
github.com/pablontiv/backscroll/internal/storage/queries.go:545.56,548.16 2 1
github.com/pablontiv/backscroll/internal/storage/queries.go:548.16,551.17 2 1
github.com/pablontiv/backscroll/internal/storage/queries.go:551.17,553.4 1 1
github.com/pablontiv/backscroll/internal/storage/queries.go:556.2,559.16 3 1
github.com/pablontiv/backscroll/internal/storage/queries.go:559.16,561.3 1 0
github.com/pablontiv/backscroll/internal/storage/queries.go:562.2,562.15 1 1
github.com/pablontiv/backscroll/internal/storage/queries.go:562.15,562.36 1 1
github.com/pablontiv/backscroll/internal/storage/queries.go:565.2,569.16 2 1
github.com/pablontiv/backscroll/internal/storage/queries.go:569.16,571.3 1 0
github.com/pablontiv/backscroll/internal/storage/queries.go:573.2,574.18 2 1
github.com/pablontiv/backscroll/internal/storage/queries.go:574.18,576.40 2 1
github.com/pablontiv/backscroll/internal/storage/queries.go:576.40,579.4 2 0
github.com/pablontiv/backscroll/internal/storage/queries.go:580.3,580.40 1 1
github.com/pablontiv/backscroll/internal/storage/queries.go:582.2,589.16 3 1
github.com/pablontiv/backscroll/internal/storage/queries.go:589.16,591.3 1 0
github.com/pablontiv/backscroll/internal/storage/queries.go:593.2,594.16 2 1
github.com/pablontiv/backscroll/internal/storage/queries.go:594.16,596.3 1 0
github.com/pablontiv/backscroll/internal/storage/queries.go:599.2,603.16 2 1
github.com/pablontiv/backscroll/internal/storage/queries.go:603.16,605.3 1 0
github.com/pablontiv/backscroll/internal/storage/queries.go:608.2,608.33 1 1
github.com/pablontiv/backscroll/internal/storage/queries.go:608.33,611.17 3 1
github.com/pablontiv/backscroll/internal/storage/queries.go:611.17,613.4 1 0
github.com/pablontiv/backscroll/internal/storage/queries.go:615.3,615.17 1 1
github.com/pablontiv/backscroll/internal/storage/queries.go:615.17,617.18 2 1
github.com/pablontiv/backscroll/internal/storage/queries.go:617.18,619.5 1 0
github.com/pablontiv/backscroll/internal/storage/queries.go:622.4,623.18 2 1
github.com/pablontiv/backscroll/internal/storage/queries.go:623.18,625.5 1 0
github.com/pablontiv/backscroll/internal/storage/queries.go:629.2,629.36 1 1
github.com/pablontiv/backscroll/internal/storage/queries.go:629.36,631.3 1 0
github.com/pablontiv/backscroll/internal/storage/queries.go:633.2,633.21 1 1
github.com/pablontiv/backscroll/internal/storage/queries.go:639.40,641.16 2 1
github.com/pablontiv/backscroll/internal/storage/queries.go:641.16,643.3 1 1
github.com/pablontiv/backscroll/internal/storage/queries.go:644.2,644.12 1 1
github.com/pablontiv/backscroll/internal/storage/records.go:35.87,43.40 4 1
github.com/pablontiv/backscroll/internal/storage/records.go:43.40,46.3 2 1
github.com/pablontiv/backscroll/internal/storage/records.go:47.2,47.42 1 1
github.com/pablontiv/backscroll/internal/storage/records.go:47.42,50.3 2 1
github.com/pablontiv/backscroll/internal/storage/records.go:51.2,51.48 1 1
github.com/pablontiv/backscroll/internal/storage/records.go:51.48,52.47 1 1
github.com/pablontiv/backscroll/internal/storage/records.go:52.47,55.4 2 0
github.com/pablontiv/backscroll/internal/storage/records.go:55.9,58.4 2 1
github.com/pablontiv/backscroll/internal/storage/records.go:60.2,60.38 1 1
github.com/pablontiv/backscroll/internal/storage/records.go:60.38,63.3 2 1
github.com/pablontiv/backscroll/internal/storage/records.go:64.2,64.40 1 1
github.com/pablontiv/backscroll/internal/storage/records.go:64.40,67.3 2 0
github.com/pablontiv/backscroll/internal/storage/records.go:69.2,69.27 1 1
github.com/pablontiv/backscroll/internal/storage/records.go:69.27,71.3 1 1
github.com/pablontiv/backscroll/internal/storage/records.go:72.2,73.17 2 1
github.com/pablontiv/backscroll/internal/storage/records.go:73.17,75.3 1 1
github.com/pablontiv/backscroll/internal/storage/records.go:77.2,78.16 2 1
github.com/pablontiv/backscroll/internal/storage/records.go:78.16,80.3 1 0
github.com/pablontiv/backscroll/internal/storage/records.go:81.2,81.15 1 1
github.com/pablontiv/backscroll/internal/storage/records.go:81.15,81.35 1 1
github.com/pablontiv/backscroll/internal/storage/records.go:83.2,84.18 2 1
github.com/pablontiv/backscroll/internal/storage/records.go:84.18,90.17 3 1
github.com/pablontiv/backscroll/internal/storage/records.go:90.17,92.4 1 0
github.com/pablontiv/backscroll/internal/storage/records.go:93.3,93.20 1 1
github.com/pablontiv/backscroll/internal/storage/records.go:93.20,95.4 1 1
github.com/pablontiv/backscroll/internal/storage/records.go:96.3,96.17 1 1
github.com/pablontiv/backscroll/internal/storage/records.go:96.17,98.4 1 1
github.com/pablontiv/backscroll/internal/storage/records.go:99.3,99.22 1 1
github.com/pablontiv/backscroll/internal/storage/records.go:99.22,101.4 1 1
github.com/pablontiv/backscroll/internal/storage/records.go:102.3,102.49 1 1
github.com/pablontiv/backscroll/internal/storage/records.go:102.49,104.4 1 0
github.com/pablontiv/backscroll/internal/storage/records.go:105.3,105.31 1 1
github.com/pablontiv/backscroll/internal/storage/records.go:107.2,107.28 1 1
github.com/pablontiv/backscroll/internal/storage/records.go:143.84,152.22 4 1
github.com/pablontiv/backscroll/internal/storage/records.go:152.22,155.3 2 1
github.com/pablontiv/backscroll/internal/storage/records.go:156.2,156.21 1 1
github.com/pablontiv/backscroll/internal/storage/records.go:156.21,159.3 2 1
github.com/pablontiv/backscroll/internal/storage/records.go:160.2,160.24 1 1
github.com/pablontiv/backscroll/internal/storage/records.go:160.24,161.46 1 1
[...]
github.com/pablontiv/backscroll/cmd/backscroll/list.go:237.2,237.12 1 1
github.com/pablontiv/backscroll/cmd/backscroll/main.go:15.13,16.63 1 0
github.com/pablontiv/backscroll/cmd/backscroll/main.go:16.63,19.3 2 0
github.com/pablontiv/backscroll/cmd/backscroll/main.go:22.57,28.12 5 1
github.com/pablontiv/backscroll/cmd/backscroll/main.go:28.12,31.3 2 1
github.com/pablontiv/backscroll/cmd/backscroll/main.go:33.2,42.9 6 1
github.com/pablontiv/backscroll/cmd/backscroll/main.go:43.16,43.16 0 1
github.com/pablontiv/backscroll/cmd/backscroll/main.go:44.17,44.17 0 0
github.com/pablontiv/backscroll/cmd/backscroll/main.go:47.2,47.12 1 1
github.com/pablontiv/backscroll/cmd/backscroll/main.go:50.60,74.2 5 1
github.com/pablontiv/backscroll/cmd/backscroll/purge.go:13.59,24.55 2 1
github.com/pablontiv/backscroll/cmd/backscroll/purge.go:24.55,26.4 1 1
github.com/pablontiv/backscroll/cmd/backscroll/purge.go:29.2,32.12 3 1
github.com/pablontiv/backscroll/cmd/backscroll/purge.go:35.62,36.18 1 1
github.com/pablontiv/backscroll/cmd/backscroll/purge.go:36.18,38.3 1 0
github.com/pablontiv/backscroll/cmd/backscroll/purge.go:40.2,41.16 2 1
github.com/pablontiv/backscroll/cmd/backscroll/purge.go:41.16,43.3 1 0
github.com/pablontiv/backscroll/cmd/backscroll/purge.go:46.2,47.16 2 1
github.com/pablontiv/backscroll/cmd/backscroll/purge.go:47.16,49.3 1 0
github.com/pablontiv/backscroll/cmd/backscroll/purge.go:50.2,50.15 1 1
github.com/pablontiv/backscroll/cmd/backscroll/purge.go:50.15,50.33 1 1
github.com/pablontiv/backscroll/cmd/backscroll/purge.go:53.2,54.16 2 1
github.com/pablontiv/backscroll/cmd/backscroll/purge.go:54.16,56.3 1 0
github.com/pablontiv/backscroll/cmd/backscroll/purge.go:58.2,60.12 2 1
github.com/pablontiv/backscroll/cmd/backscroll/read.go:12.58,24.55 5 1
github.com/pablontiv/backscroll/cmd/backscroll/read.go:24.55,26.21 2 1
github.com/pablontiv/backscroll/cmd/backscroll/read.go:26.21,27.22 1 1
github.com/pablontiv/backscroll/cmd/backscroll/read.go:27.22,29.6 1 0
github.com/pablontiv/backscroll/cmd/backscroll/read.go:30.5,30.22 1 1
github.com/pablontiv/backscroll/cmd/backscroll/read.go:32.4,32.21 1 1
github.com/pablontiv/backscroll/cmd/backscroll/read.go:32.21,34.5 1 0
github.com/pablontiv/backscroll/cmd/backscroll/read.go:35.4,35.16 1 1
github.com/pablontiv/backscroll/cmd/backscroll/read.go:35.16,37.5 1 1
github.com/pablontiv/backscroll/cmd/backscroll/read.go:38.4,38.43 1 1
github.com/pablontiv/backscroll/cmd/backscroll/read.go:41.2,46.12 5 1
github.com/pablontiv/backscroll/cmd/backscroll/read.go:49.59,52.16 2 1
github.com/pablontiv/backscroll/cmd/backscroll/read.go:52.16,54.3 1 1
github.com/pablontiv/backscroll/cmd/backscroll/read.go:57.2,57.31 1 1
github.com/pablontiv/backscroll/cmd/backscroll/read.go:57.31,63.3 5 1
github.com/pablontiv/backscroll/cmd/backscroll/read.go:65.2,67.12 2 1
github.com/pablontiv/backscroll/cmd/backscroll/read.go:70.82,72.16 2 1
github.com/pablontiv/backscroll/cmd/backscroll/read.go:72.16,74.3 1 0
github.com/pablontiv/backscroll/cmd/backscroll/read.go:76.2,76.12 1 1
github.com/pablontiv/backscroll/cmd/backscroll/read.go:76.12,78.3 1 1
github.com/pablontiv/backscroll/cmd/backscroll/read.go:79.2,79.46 1 1
github.com/pablontiv/backscroll/cmd/backscroll/read.go:82.81,84.27 1 1
github.com/pablontiv/backscroll/cmd/backscroll/read.go:84.27,96.3 1 1
github.com/pablontiv/backscroll/cmd/backscroll/read.go:97.2,98.12 2 1
github.com/pablontiv/backscroll/cmd/backscroll/read.go:101.82,105.27 3 1
github.com/pablontiv/backscroll/cmd/backscroll/read.go:105.27,108.21 2 1
github.com/pablontiv/backscroll/cmd/backscroll/read.go:108.21,110.4 1 1
github.com/pablontiv/backscroll/cmd/backscroll/read.go:111.3,112.24 2 1
github.com/pablontiv/backscroll/cmd/backscroll/read.go:112.24,114.4 1 0
github.com/pablontiv/backscroll/cmd/backscroll/read.go:115.3,124.4 1 1
github.com/pablontiv/backscroll/cmd/backscroll/read.go:126.2,127.12 2 1
github.com/pablontiv/backscroll/cmd/backscroll/rebuild.go:13.61,23.55 1 1
github.com/pablontiv/backscroll/cmd/backscroll/rebuild.go:23.55,25.4 1 1
github.com/pablontiv/backscroll/cmd/backscroll/rebuild.go:28.2,28.12 1 1
github.com/pablontiv/backscroll/cmd/backscroll/rebuild.go:31.49,33.16 2 1
github.com/pablontiv/backscroll/cmd/backscroll/rebuild.go:33.16,35.3 1 0
github.com/pablontiv/backscroll/cmd/backscroll/rebuild.go:39.2,41.17 2 1
github.com/pablontiv/backscroll/cmd/backscroll/rebuild.go:41.17,43.4 1 0
github.com/pablontiv/backscroll/cmd/backscroll/rebuild.go:44.3,46.60 3 1
github.com/pablontiv/backscroll/cmd/backscroll/rebuild.go:46.60,48.4 1 0
github.com/pablontiv/backscroll/cmd/backscroll/rebuild.go:49.3,49.17 1 1
github.com/pablontiv/backscroll/cmd/backscroll/rebuild.go:49.17,51.4 1 0
github.com/pablontiv/backscroll/cmd/backscroll/rebuild.go:54.2,57.63 2 1
github.com/pablontiv/backscroll/cmd/backscroll/search.go:18.60,63.55 2 1
github.com/pablontiv/backscroll/cmd/backscroll/search.go:63.55,65.36 2 1
github.com/pablontiv/backscroll/cmd/backscroll/search.go:65.36,67.5 1 1
github.com/pablontiv/backscroll/cmd/backscroll/search.go:68.4,68.19 1 1
github.com/pablontiv/backscroll/cmd/backscroll/search.go:68.19,70.5 1 0
github.com/pablontiv/backscroll/cmd/backscroll/search.go:71.4,74.77 1 1
github.com/pablontiv/backscroll/cmd/backscroll/search.go:78.2,99.12 21 1
github.com/pablontiv/backscroll/cmd/backscroll/search.go:108.87,111.45 1 1
github.com/pablontiv/backscroll/cmd/backscroll/search.go:111.45,113.3 1 1
github.com/pablontiv/backscroll/cmd/backscroll/search.go:115.2,116.16 2 1
github.com/pablontiv/backscroll/cmd/backscroll/search.go:116.16,118.3 1 0
github.com/pablontiv/backscroll/cmd/backscroll/search.go:121.2,121.18 1 1
github.com/pablontiv/backscroll/cmd/backscroll/search.go:121.18,122.44 1 1
github.com/pablontiv/backscroll/cmd/backscroll/search.go:122.44,124.4 1 0
github.com/pablontiv/backscroll/cmd/backscroll/search.go:128.2,132.16 3 1
github.com/pablontiv/backscroll/cmd/backscroll/search.go:132.16,134.3 1 0
github.com/pablontiv/backscroll/cmd/backscroll/search.go:135.2,135.15 1 1
github.com/pablontiv/backscroll/cmd/backscroll/search.go:135.15,135.33 1 1
github.com/pablontiv/backscroll/cmd/backscroll/search.go:138.2,139.17 2 1
github.com/pablontiv/backscroll/cmd/backscroll/search.go:139.17,141.17 2 1
github.com/pablontiv/backscroll/cmd/backscroll/search.go:141.17,143.4 1 1
github.com/pablontiv/backscroll/cmd/backscroll/search.go:144.3,144.17 1 1
github.com/pablontiv/backscroll/cmd/backscroll/search.go:146.2,146.18 1 1
github.com/pablontiv/backscroll/cmd/backscroll/search.go:146.18,148.17 2 1
github.com/pablontiv/backscroll/cmd/backscroll/search.go:148.17,150.4 1 1
github.com/pablontiv/backscroll/cmd/backscroll/search.go:151.3,151.18 1 1
github.com/pablontiv/backscroll/cmd/backscroll/search.go:155.2,155.33 1 1
github.com/pablontiv/backscroll/cmd/backscroll/search.go:155.33,157.3 1 1
github.com/pablontiv/backscroll/cmd/backscroll/search.go:160.2,178.16 3 1
github.com/pablontiv/backscroll/cmd/backscroll/search.go:178.16,180.3 1 0
github.com/pablontiv/backscroll/cmd/backscroll/search.go:183.2,184.28 2 1
github.com/pablontiv/backscroll/cmd/backscroll/search.go:184.28,196.3 1 1
github.com/pablontiv/backscroll/cmd/backscroll/search.go:199.2,200.16 2 1
github.com/pablontiv/backscroll/cmd/backscroll/search.go:200.16,202.3 1 1
github.com/pablontiv/backscroll/cmd/backscroll/search.go:202.8,202.24 1 1
github.com/pablontiv/backscroll/cmd/backscroll/search.go:202.24,204.3 1 1
github.com/pablontiv/backscroll/cmd/backscroll/search.go:207.2,208.40 2 1
github.com/pablontiv/backscroll/cmd/backscroll/search.go:208.40,210.26 1 1
github.com/pablontiv/backscroll/cmd/backscroll/search.go:210.26,212.30 2 1
github.com/pablontiv/backscroll/cmd/backscroll/search.go:212.30,220.5 1 1
github.com/pablontiv/backscroll/cmd/backscroll/search.go:221.4,221.63 1 1
github.com/pablontiv/backscroll/cmd/backscroll/search.go:221.63,223.5 1 0
github.com/pablontiv/backscroll/cmd/backscroll/search.go:224.9,224.74 1 0
github.com/pablontiv/backscroll/cmd/backscroll/search.go:224.74,226.4 1 0
github.com/pablontiv/backscroll/cmd/backscroll/search.go:227.8,230.61 2 1
github.com/pablontiv/backscroll/cmd/backscroll/search.go:230.61,232.4 1 0
github.com/pablontiv/backscroll/cmd/backscroll/search.go:235.2,235.12 1 1
github.com/pablontiv/backscroll/cmd/backscroll/search.go:251.90,254.33 2 1
github.com/pablontiv/backscroll/cmd/backscroll/search.go:254.33,255.42 1 1
github.com/pablontiv/backscroll/cmd/backscroll/search.go:255.42,263.30 2 1
github.com/pablontiv/backscroll/cmd/backscroll/search.go:263.30,265.5 1 1
github.com/pablontiv/backscroll/cmd/backscroll/search.go:266.4,266.32 1 1
github.com/pablontiv/backscroll/cmd/backscroll/search.go:266.32,268.5 1 1
github.com/pablontiv/backscroll/cmd/backscroll/search.go:269.4,270.28 2 1
github.com/pablontiv/backscroll/cmd/backscroll/search.go:270.28,272.5 1 1
github.com/pablontiv/backscroll/cmd/backscroll/search.go:273.4,273.75 1 1
github.com/pablontiv/backscroll/cmd/backscroll/search.go:274.9,279.34 4 1
github.com/pablontiv/backscroll/cmd/backscroll/search.go:279.34,281.5 1 1
github.com/pablontiv/backscroll/cmd/backscroll/search.go:282.4,282.30 1 1
github.com/pablontiv/backscroll/cmd/backscroll/search.go:282.30,284.5 1 1
github.com/pablontiv/backscroll/cmd/backscroll/search.go:285.4,285.32 1 1
github.com/pablontiv/backscroll/cmd/backscroll/search.go:285.32,287.5 1 1
github.com/pablontiv/backscroll/cmd/backscroll/search.go:288.4,288.28 1 1
github.com/pablontiv/backscroll/cmd/backscroll/search.go:288.28,290.5 1 1
github.com/pablontiv/backscroll/cmd/backscroll/search.go:291.4,291.41 1 1
github.com/pablontiv/backscroll/cmd/backscroll/search.go:295.2,295.14 1 1
github.com/pablontiv/backscroll/cmd/backscroll/stats.go:16.59,41.55 2 1
github.com/pablontiv/backscroll/cmd/backscroll/stats.go:41.55,43.4 1 1
github.com/pablontiv/backscroll/cmd/backscroll/stats.go:46.2,55.12 9 1
github.com/pablontiv/backscroll/cmd/backscroll/stats.go:60.38,63.16 2 1
github.com/pablontiv/backscroll/cmd/backscroll/stats.go:63.16,65.3 1 0
github.com/pablontiv/backscroll/cmd/backscroll/stats.go:68.2,68.18 1 1
github.com/pablontiv/backscroll/cmd/backscroll/stats.go:68.18,69.44 1 1
github.com/pablontiv/backscroll/cmd/backscroll/stats.go:69.44,71.4 1 0
github.com/pablontiv/backscroll/cmd/backscroll/stats.go:75.2,79.16 3 1
github.com/pablontiv/backscroll/cmd/backscroll/stats.go:79.16,80.17 1 0
github.com/pablontiv/backscroll/cmd/backscroll/stats.go:80.17,82.4 1 0
github.com/pablontiv/backscroll/cmd/backscroll/stats.go:82.9,84.4 1 0
github.com/pablontiv/backscroll/cmd/backscroll/stats.go:85.3,85.13 1 0
github.com/pablontiv/backscroll/cmd/backscroll/stats.go:87.2,87.15 1 1
github.com/pablontiv/backscroll/cmd/backscroll/stats.go:87.15,87.33 1 1
github.com/pablontiv/backscroll/cmd/backscroll/stats.go:90.2,100.16 3 1
github.com/pablontiv/backscroll/cmd/backscroll/stats.go:100.16,102.3 1 0
github.com/pablontiv/backscroll/cmd/backscroll/stats.go:105.2,108.16 2 1
github.com/pablontiv/backscroll/cmd/backscroll/stats.go:108.16,113.62 2 0
github.com/pablontiv/backscroll/cmd/backscroll/stats.go:113.62,115.4 1 0
github.com/pablontiv/backscroll/cmd/backscroll/stats.go:116.8,118.22 1 1
github.com/pablontiv/backscroll/cmd/backscroll/stats.go:118.22,121.4 2 1
github.com/pablontiv/backscroll/cmd/backscroll/stats.go:123.3,123.27 1 0
github.com/pablontiv/backscroll/cmd/backscroll/stats.go:123.27,125.4 1 0
github.com/pablontiv/backscroll/cmd/backscroll/stats.go:126.3,126.65 1 0
github.com/pablontiv/backscroll/cmd/backscroll/stats.go:129.2,129.12 1 0
github.com/pablontiv/backscroll/cmd/backscroll/stats.go:139.83,142.17 2 1
github.com/pablontiv/backscroll/cmd/backscroll/stats.go:143.15,145.28 1 1
github.com/pablontiv/backscroll/cmd/backscroll/stats.go:145.28,147.17 2 1
github.com/pablontiv/backscroll/cmd/backscroll/stats.go:147.17,149.5 1 1
github.com/pablontiv/backscroll/cmd/backscroll/stats.go:150.4,150.17 1 1
github.com/pablontiv/backscroll/cmd/backscroll/stats.go:152.14,154.28 1 1
github.com/pablontiv/backscroll/cmd/backscroll/stats.go:154.28,156.17 2 1
github.com/pablontiv/backscroll/cmd/backscroll/stats.go:156.17,158.5 1 1
github.com/pablontiv/backscroll/cmd/backscroll/stats.go:159.4,159.17 1 1
github.com/pablontiv/backscroll/cmd/backscroll/stats.go:161.14,163.28 1 1
github.com/pablontiv/backscroll/cmd/backscroll/stats.go:163.28,165.17 2 1
github.com/pablontiv/backscroll/cmd/backscroll/stats.go:165.17,167.5 1 0
github.com/pablontiv/backscroll/cmd/backscroll/stats.go:168.4,168.17 1 1
github.com/pablontiv/backscroll/cmd/backscroll/stats.go:170.17,172.28 1 1
github.com/pablontiv/backscroll/cmd/backscroll/stats.go:172.28,174.24 2 1
github.com/pablontiv/backscroll/cmd/backscroll/stats.go:174.24,176.5 1 1
github.com/pablontiv/backscroll/cmd/backscroll/stats.go:177.4,177.17 1 1
github.com/pablontiv/backscroll/cmd/backscroll/stats.go:177.17,179.5 1 1
github.com/pablontiv/backscroll/cmd/backscroll/stats.go:180.4,180.17 1 1
github.com/pablontiv/backscroll/cmd/backscroll/stats.go:182.10,184.28 1 0
github.com/pablontiv/backscroll/cmd/backscroll/stats.go:184.28,186.17 2 0
github.com/pablontiv/backscroll/cmd/backscroll/stats.go:186.17,188.5 1 0
github.com/pablontiv/backscroll/cmd/backscroll/stats.go:189.4,189.17 1 0
github.com/pablontiv/backscroll/cmd/backscroll/stats.go:194.2,195.34 2 1
github.com/pablontiv/backscroll/cmd/backscroll/stats.go:195.34,197.3 1 1
github.com/pablontiv/backscroll/cmd/backscroll/stats.go:200.2,200.41 1 1
github.com/pablontiv/backscroll/cmd/backscroll/stats.go:200.41,202.3 1 1
github.com/pablontiv/backscroll/cmd/backscroll/stats.go:204.2,204.15 1 1
github.com/pablontiv/backscroll/cmd/backscroll/status.go:16.60,33.55 2 1
github.com/pablontiv/backscroll/cmd/backscroll/status.go:33.55,35.4 1 1
github.com/pablontiv/backscroll/cmd/backscroll/status.go:38.2,41.12 3 1
github.com/pablontiv/backscroll/cmd/backscroll/status.go:44.78,46.16 2 1
github.com/pablontiv/backscroll/cmd/backscroll/status.go:46.16,48.3 1 0
github.com/pablontiv/backscroll/cmd/backscroll/status.go:51.2,51.18 1 1
github.com/pablontiv/backscroll/cmd/backscroll/status.go:51.18,52.44 1 1
github.com/pablontiv/backscroll/cmd/backscroll/status.go:52.44,54.4 1 0
github.com/pablontiv/backscroll/cmd/backscroll/status.go:58.2,62.14 4 1
github.com/pablontiv/backscroll/cmd/backscroll/status.go:62.14,65.17 2 1
github.com/pablontiv/backscroll/cmd/backscroll/status.go:65.17,67.4 1 0
github.com/pablontiv/backscroll/cmd/backscroll/status.go:68.3,68.16 1 1
github.com/pablontiv/backscroll/cmd/backscroll/status.go:68.16,68.34 1 1
github.com/pablontiv/backscroll/cmd/backscroll/status.go:70.3,71.17 2 1
github.com/pablontiv/backscroll/cmd/backscroll/status.go:71.17,73.4 1 0
github.com/pablontiv/backscroll/cmd/backscroll/status.go:77.2,81.14 3 1
github.com/pablontiv/backscroll/cmd/backscroll/status.go:81.14,83.22 2 1
github.com/pablontiv/backscroll/cmd/backscroll/status.go:83.22,85.4 1 1
github.com/pablontiv/backscroll/cmd/backscroll/status.go:89.2,89.16 1 1
github.com/pablontiv/backscroll/cmd/backscroll/status.go:89.16,112.62 2 1
github.com/pablontiv/backscroll/cmd/backscroll/status.go:112.62,114.4 1 0
github.com/pablontiv/backscroll/cmd/backscroll/status.go:115.8,121.15 4 1
github.com/pablontiv/backscroll/cmd/backscroll/status.go:121.15,124.4 2 1
github.com/pablontiv/backscroll/cmd/backscroll/status.go:124.9,126.4 1 1
github.com/pablontiv/backscroll/cmd/backscroll/status.go:128.3,128.15 1 1
github.com/pablontiv/backscroll/cmd/backscroll/status.go:128.15,135.33 7 1
github.com/pablontiv/backscroll/cmd/backscroll/status.go:135.33,137.5 1 1
github.com/pablontiv/backscroll/cmd/backscroll/status.go:138.9,140.4 1 1
github.com/pablontiv/backscroll/cmd/backscroll/status.go:142.3,143.23 2 1
github.com/pablontiv/backscroll/cmd/backscroll/status.go:143.23,145.42 2 0
github.com/pablontiv/backscroll/cmd/backscroll/status.go:145.42,147.5 1 0
github.com/pablontiv/backscroll/cmd/backscroll/status.go:148.9,150.40 2 1
github.com/pablontiv/backscroll/cmd/backscroll/status.go:150.40,152.5 1 1
github.com/pablontiv/backscroll/cmd/backscroll/status.go:156.2,156.12 1 1
github.com/pablontiv/backscroll/cmd/backscroll/status.go:161.68,163.56 2 1
github.com/pablontiv/backscroll/cmd/backscroll/status.go:163.56,165.3 1 1
github.com/pablontiv/backscroll/cmd/backscroll/status.go:166.2,167.25 2 1
github.com/pablontiv/backscroll/cmd/backscroll/status.go:167.25,168.17 1 1
github.com/pablontiv/backscroll/cmd/backscroll/status.go:168.17,170.4 1 1
github.com/pablontiv/backscroll/cmd/backscroll/status.go:172.2,172.20 1 1
github.com/pablontiv/backscroll/cmd/backscroll/sync_helpers.go:18.46,22.16 2 1
github.com/pablontiv/backscroll/cmd/backscroll/sync_helpers.go:22.16,24.3 1 0
github.com/pablontiv/backscroll/cmd/backscroll/sync_helpers.go:25.2,25.15 1 1
github.com/pablontiv/backscroll/cmd/backscroll/sync_helpers.go:25.15,25.33 1 1
github.com/pablontiv/backscroll/cmd/backscroll/sync_helpers.go:28.2,29.16 2 1
github.com/pablontiv/backscroll/cmd/backscroll/sync_helpers.go:29.16,31.3 1 0
github.com/pablontiv/backscroll/cmd/backscroll/sync_helpers.go:34.2,40.16 5 1
github.com/pablontiv/backscroll/cmd/backscroll/sync_helpers.go:40.16,42.3 1 0
github.com/pablontiv/backscroll/cmd/backscroll/sync_helpers.go:45.2,51.27 3 1
github.com/pablontiv/backscroll/cmd/backscroll/sync_helpers.go:51.27,52.23 1 1
github.com/pablontiv/backscroll/cmd/backscroll/sync_helpers.go:52.23,54.4 1 0
github.com/pablontiv/backscroll/cmd/backscroll/sync_helpers.go:56.3,57.17 2 1
github.com/pablontiv/backscroll/cmd/backscroll/sync_helpers.go:57.17,59.12 1 0
github.com/pablontiv/backscroll/cmd/backscroll/sync_helpers.go:62.3,63.17 2 1
github.com/pablontiv/backscroll/cmd/backscroll/sync_helpers.go:63.17,65.12 1 0
github.com/pablontiv/backscroll/cmd/backscroll/sync_helpers.go:68.3,68.28 1 1
github.com/pablontiv/backscroll/cmd/backscroll/sync_helpers.go:68.28,70.18 2 1
github.com/pablontiv/backscroll/cmd/backscroll/sync_helpers.go:70.18,71.13 1 0
github.com/pablontiv/backscroll/cmd/backscroll/sync_helpers.go:74.4,74.35 1 1
github.com/pablontiv/backscroll/cmd/backscroll/sync_helpers.go:74.35,75.13 1 1
github.com/pablontiv/backscroll/cmd/backscroll/sync_helpers.go:78.4,79.18 2 1
github.com/pablontiv/backscroll/cmd/backscroll/sync_helpers.go:79.18,80.13 1 0
github.com/pablontiv/backscroll/cmd/backscroll/sync_helpers.go:83.4,87.41 4 1
github.com/pablontiv/backscroll/cmd/backscroll/sync_helpers.go:87.41,96.5 2 1
github.com/pablontiv/backscroll/cmd/backscroll/sync_helpers.go:98.4,107.6 2 1
github.com/pablontiv/backscroll/cmd/backscroll/sync_helpers.go:112.2,112.27 1 1
github.com/pablontiv/backscroll/cmd/backscroll/sync_helpers.go:112.27,113.52 1 1
github.com/pablontiv/backscroll/cmd/backscroll/sync_helpers.go:113.52,115.4 1 0
github.com/pablontiv/backscroll/cmd/backscroll/sync_helpers.go:118.2,118.12 1 1
github.com/pablontiv/backscroll/cmd/backscroll/sync_helpers.go:122.113,127.2 2 1
github.com/pablontiv/backscroll/cmd/backscroll/validate.go:13.62,27.55 2 1
github.com/pablontiv/backscroll/cmd/backscroll/validate.go:27.55,29.4 1 1
github.com/pablontiv/backscroll/cmd/backscroll/validate.go:32.2,34.12 2 1
github.com/pablontiv/backscroll/cmd/backscroll/validate.go:37.68,39.16 2 1
github.com/pablontiv/backscroll/cmd/backscroll/validate.go:39.16,41.3 1 0
github.com/pablontiv/backscroll/cmd/backscroll/validate.go:44.2,44.18 1 1
github.com/pablontiv/backscroll/cmd/backscroll/validate.go:44.18,45.44 1 1
github.com/pablontiv/backscroll/cmd/backscroll/validate.go:45.44,47.4 1 0
github.com/pablontiv/backscroll/cmd/backscroll/validate.go:51.2,52.16 2 1
github.com/pablontiv/backscroll/cmd/backscroll/validate.go:52.16,54.3 1 0
github.com/pablontiv/backscroll/cmd/backscroll/validate.go:55.2,55.15 1 1
github.com/pablontiv/backscroll/cmd/backscroll/validate.go:55.15,55.33 1 1
github.com/pablontiv/backscroll/cmd/backscroll/validate.go:58.2,58.38 1 1
github.com/pablontiv/backscroll/cmd/backscroll/validate.go:58.38,61.3 2 0
github.com/pablontiv/backscroll/cmd/backscroll/validate.go:63.2,68.12 5 1
